2020-06-25 12:21:50.3007|INFO|Books.API.Program|Initializing application...
2020-06-25 12:21:51.6072|INFO|Microsoft.EntityFrameworkCore.Infrastructure|Entity Framework Core 3.1.2 initialized 'BookInfoContext' using provider 'Microsoft.EntityFrameworkCore.SqlServer' with options: None
2020-06-25 12:21:52.4125|INFO|Microsoft.EntityFrameworkCore.Database.Command|Executed DbCommand (15ms) [Parameters=[], CommandType='Text', CommandTimeout='30']
SELECT 1
2020-06-25 12:21:52.5011|INFO|Microsoft.EntityFrameworkCore.Database.Command|Executed DbCommand (6ms) [Parameters=[], CommandType='Text', CommandTimeout='60']
IF SERVERPROPERTY('EngineEdition') <> 5
BEGIN
    ALTER DATABASE [BookInfoDB] SET SINGLE_USER WITH ROLLBACK IMMEDIATE;
END;
2020-06-25 12:21:52.6536|INFO|Microsoft.EntityFrameworkCore.Database.Command|Executed DbCommand (19ms) [Parameters=[], CommandType='Text', CommandTimeout='60']
DROP DATABASE [BookInfoDB];
2020-06-25 12:22:03.0460|INFO|Microsoft.EntityFrameworkCore.Database.Command|Executed DbCommand (148ms) [Parameters=[], CommandType='Text', CommandTimeout='60']
CREATE DATABASE [BookInfoDB];
2020-06-25 12:22:03.0880|INFO|Microsoft.EntityFrameworkCore.Database.Command|Executed DbCommand (34ms) [Parameters=[], CommandType='Text', CommandTimeout='60']
IF SERVERPROPERTY('EngineEdition') <> 5
BEGIN
    ALTER DATABASE [BookInfoDB] SET READ_COMMITTED_SNAPSHOT ON;
END;
2020-06-25 12:22:03.1040|INFO|Microsoft.EntityFrameworkCore.Database.Command|Executed DbCommand (1ms) [Parameters=[], CommandType='Text', CommandTimeout='30']
SELECT 1
2020-06-25 12:22:03.1794|INFO|Microsoft.EntityFrameworkCore.Database.Command|Executed DbCommand (5ms) [Parameters=[], CommandType='Text', CommandTimeout='30']
CREATE TABLE [__EFMigrationsHistory] (
    [MigrationId] nvarchar(150) NOT NULL,
    [ProductVersion] nvarchar(32) NOT NULL,
    CONSTRAINT [PK___EFMigrationsHistory] PRIMARY KEY ([MigrationId])
);
2020-06-25 12:22:03.1942|INFO|Microsoft.EntityFrameworkCore.Database.Command|Executed DbCommand (1ms) [Parameters=[], CommandType='Text', CommandTimeout='30']
SELECT 1
2020-06-25 12:22:03.2199|INFO|Microsoft.EntityFrameworkCore.Database.Command|Executed DbCommand (11ms) [Parameters=[], CommandType='Text', CommandTimeout='30']
SELECT OBJECT_ID(N'[__EFMigrationsHistory]');
2020-06-25 12:22:03.2373|INFO|Microsoft.EntityFrameworkCore.Database.Command|Executed DbCommand (3ms) [Parameters=[], CommandType='Text', CommandTimeout='30']
SELECT [MigrationId], [ProductVersion]
FROM [__EFMigrationsHistory]
ORDER BY [MigrationId];
2020-06-25 12:22:03.2562|INFO|Microsoft.EntityFrameworkCore.Migrations|Applying migration '20200305171620_BookInfoDBInitialMigration'.
2020-06-25 12:22:03.2882|INFO|Microsoft.EntityFrameworkCore.Database.Command|Executed DbCommand (2ms) [Parameters=[], CommandType='Text', CommandTimeout='30']
CREATE TABLE [Books] (
    [Id] int NOT NULL IDENTITY,
    [Title] nvarchar(512) NOT NULL,
    [Author] nvarchar(256) NOT NULL,
    [Description] nvarchar(1024) NULL,
    [Genre] nvarchar(256) NULL,
    CONSTRAINT [PK_Books] PRIMARY KEY ([Id])
);
2020-06-25 12:22:03.3002|INFO|Microsoft.EntityFrameworkCore.Database.Command|Executed DbCommand (2ms) [Parameters=[], CommandType='Text', CommandTimeout='30']
CREATE TABLE [Quotations] (
    [Id] int NOT NULL IDENTITY,
    [Quote] nvarchar(1024) NOT NULL,
    [BookId] int NOT NULL,
    CONSTRAINT [PK_Quotations] PRIMARY KEY ([Id]),
    CONSTRAINT [FK_Quotations_Books_BookId] FOREIGN KEY ([BookId]) REFERENCES [Books] ([Id]) ON DELETE CASCADE
);
2020-06-25 12:22:03.3113|INFO|Microsoft.EntityFrameworkCore.Database.Command|Executed DbCommand (2ms) [Parameters=[], CommandType='Text', CommandTimeout='30']
CREATE INDEX [IX_Quotations_BookId] ON [Quotations] ([BookId]);
2020-06-25 12:22:03.3232|INFO|Microsoft.EntityFrameworkCore.Database.Command|Executed DbCommand (2ms) [Parameters=[], CommandType='Text', CommandTimeout='30']
INSERT INTO [__EFMigrationsHistory] ([MigrationId], [ProductVersion])
VALUES (N'20200305171620_BookInfoDBInitialMigration', N'3.1.2');
2020-06-25 12:22:03.3398|INFO|Microsoft.EntityFrameworkCore.Migrations|Applying migration '20200305174452_BookInfoDBAddNotesFieldToQuotation'.
2020-06-25 12:22:03.3584|INFO|Microsoft.EntityFrameworkCore.Database.Command|Executed DbCommand (2ms) [Parameters=[], CommandType='Text', CommandTimeout='30']
ALTER TABLE [Quotations] ADD [Notes] nvarchar(1024) NULL;
2020-06-25 12:22:03.3696|INFO|Microsoft.EntityFrameworkCore.Database.Command|Executed DbCommand (1ms) [Parameters=[], CommandType='Text', CommandTimeout='30']
INSERT INTO [__EFMigrationsHistory] ([MigrationId], [ProductVersion])
VALUES (N'20200305174452_BookInfoDBAddNotesFieldToQuotation', N'3.1.2');
2020-06-25 12:22:03.3696|INFO|Microsoft.EntityFrameworkCore.Migrations|Applying migration '20200306134955_SampleData'.
2020-06-25 12:22:03.4251|INFO|Microsoft.EntityFrameworkCore.Database.Command|Executed DbCommand (17ms) [Parameters=[], CommandType='Text', CommandTimeout='30']
IF EXISTS (SELECT * FROM [sys].[identity_columns] WHERE [name] IN (N'Id', N'Author', N'Description', N'Title', N'Genre') AND [object_id] = OBJECT_ID(N'[Books]'))
    SET IDENTITY_INSERT [Books] ON;
INSERT INTO [Books] ([Id], [Author], [Description], [Title], [Genre])
VALUES (1, N'Charles Dickens', N'', N'Great Expectations', N''),
(2, N'George Orwell', N'', N'Animal Farm', N''),
(3, N'Dashiell Hammett', N'', N'The Maltese Falcon', N''),
(4, N'E M Forster', N'', N'A Room with a View', N''),
(5, N'Harper Lee', N'', N'To Kill a Mockingbird', N''),
(6, N'George Orwell', N'', N'1984', N'Dystopian Fiction'),
(7, N'Charles Dickens', N'', N'A Christmas Carol', N'Novel'),
(8, N'Oscar Wilde', N'', N'The Picture of Dorian Gray', N'Novel'),
(9, N'Ray Bradbury', N'', N'Fahrenheit 451', N'Dystopian Fiction'),
(10, N'Jack London', N'', N'The Call of the Wild', N'Adventure Fiction'),
(11, N'Agatha Christie', N'', N'Murder on the Orient Express', N'Crime Fiction');
IF EXISTS (SELECT * FROM [sys].[identity_columns] WHERE [name] IN (N'Id', N'Author', N'Description', N'Title', N'Genre') AND [object_id] = OBJECT_ID(N'[Books]'))
    SET IDENTITY_INSERT [Books] OFF;
2020-06-25 12:22:03.4432|INFO|Microsoft.EntityFrameworkCore.Database.Command|Executed DbCommand (8ms) [Parameters=[], CommandType='Text', CommandTimeout='30']
IF EXISTS (SELECT * FROM [sys].[identity_columns] WHERE [name] IN (N'Id', N'BookId', N'Notes', N'Quote') AND [object_id] = OBJECT_ID(N'[Quotations]'))
    SET IDENTITY_INSERT [Quotations] ON;
INSERT INTO [Quotations] ([Id], [BookId], [Notes], [Quote])
VALUES (1, 1, N'', N'You are in every line I have ever read.'),
(2, 1, N'', N'Spring is the time of year when it is summer in the sun and winter in the shade.'),
(3, 2, N'', N'All animals are equal, but some animals are more equal than others.'),
(4, 2, N'', N'Four legs good, two legs bad.'),
(5, 2, N'', N'This work was strictly voluntary, but any animal who absented himself from it would have his rations reduced by half.'),
(6, 3, N'', N' I wanted it, and I''m not a man that''s easily discouraged when he wants something.'),
(7, 3, N'', N'You know how to do things ... you''ll land on your feet in the end.'),
(8, 3, N'', N'The cheaper the crook, the gaudier the patter.'),
(9, 4, N'', N'Life is easy to chronicle, but bewildering to practice.'),
(10, 4, N'', N'Of course he despised the world as a whole; every thoughtful man should; it is almost a test of refinement.'),
(11, 4, N'', N'The world is certainly full of beautiful things, if only I could come across them.'),
(12, 5, N'', N'You never really understand a person until you consider things from his point of view... Until you climb inside of his skin and walk around in it.'),
(13, 5, N'', N'People generally see what they look for, and hear what they listen for.'),
(14, 5, N'', N'Lawyers, I suppose were once children, too.');
IF EXISTS (SELECT * FROM [sys].[identity_columns] WHERE [name] IN (N'Id', N'BookId', N'Notes', N'Quote') AND [object_id] = OBJECT_ID(N'[Quotations]'))
    SET IDENTITY_INSERT [Quotations] OFF;
2020-06-25 12:22:03.4542|INFO|Microsoft.EntityFrameworkCore.Database.Command|Executed DbCommand (1ms) [Parameters=[], CommandType='Text', CommandTimeout='30']
INSERT INTO [__EFMigrationsHistory] ([MigrationId], [ProductVersion])
VALUES (N'20200306134955_SampleData', N'3.1.2');
2020-06-25 12:22:03.4675|INFO|Microsoft.EntityFrameworkCore.Migrations|Applying migration '20200623160411_SampleData2'.
2020-06-25 12:22:03.4896|INFO|Microsoft.EntityFrameworkCore.Database.Command|Executed DbCommand (2ms) [Parameters=[], CommandType='Text', CommandTimeout='30']
UPDATE [Books] SET [Genre] = N'Political Satire'
WHERE [Id] = 2;
SELECT @@ROWCOUNT;
2020-06-25 12:22:03.5009|INFO|Microsoft.EntityFrameworkCore.Database.Command|Executed DbCommand (2ms) [Parameters=[], CommandType='Text', CommandTimeout='30']
UPDATE [Books] SET [Genre] = N'Crime Fiction'
WHERE [Id] = 3;
SELECT @@ROWCOUNT;
2020-06-25 12:22:03.5138|INFO|Microsoft.EntityFrameworkCore.Database.Command|Executed DbCommand (2ms) [Parameters=[], CommandType='Text', CommandTimeout='30']
UPDATE [Books] SET [Genre] = N'Novel'
WHERE [Id] = 4;
SELECT @@ROWCOUNT;
2020-06-25 12:22:03.5247|INFO|Microsoft.EntityFrameworkCore.Database.Command|Executed DbCommand (1ms) [Parameters=[], CommandType='Text', CommandTimeout='30']
UPDATE [Books] SET [Genre] = N'Bildungsroman'
WHERE [Id] = 5;
SELECT @@ROWCOUNT;
2020-06-25 12:22:03.5247|INFO|Microsoft.EntityFrameworkCore.Database.Command|Executed DbCommand (1ms) [Parameters=[], CommandType='Text', CommandTimeout='30']
UPDATE [Books] SET [Genre] = N'Novel'
WHERE [Id] = 1;
SELECT @@ROWCOUNT;
2020-06-25 12:22:03.5471|INFO|Microsoft.EntityFrameworkCore.Database.Command|Executed DbCommand (1ms) [Parameters=[], CommandType='Text', CommandTimeout='30']
INSERT INTO [__EFMigrationsHistory] ([MigrationId], [ProductVersion])
VALUES (N'20200623160411_SampleData2', N'3.1.2');
2020-06-25 12:22:03.5628|INFO|Books.API.Program|Running host...
2020-06-25 12:22:03.7072|INFO|Microsoft.Hosting.Lifetime|Now listening on: http://localhost:51004
2020-06-25 12:22:03.7172|INFO|Microsoft.Hosting.Lifetime|Application started. Press Ctrl+C to shut down.
2020-06-25 12:22:03.7172|INFO|Microsoft.Hosting.Lifetime|Hosting environment: Development
2020-06-25 12:22:03.7318|INFO|Microsoft.Hosting.Lifetime|Content root path: C:\Users\Dev\source\repos\PS\Books\Books.API
2020-06-25 12:22:06.7964|INFO|Microsoft.AspNetCore.Hosting.Diagnostics|Request starting HTTP/1.1 GET http://localhost:51004/api/books?searchQuery=the  
2020-06-25 12:22:06.8298|INFO|Microsoft.AspNetCore.Routing.EndpointMiddleware|Executing endpoint 'Books.API.Controllers.BooksController.GetBooks (Books.API)'
2020-06-25 12:22:06.8570|INFO|Microsoft.AspNetCore.Mvc.Infrastructure.ControllerActionInvoker|Route matched with {action = "GetBooks", controller = "Books"}. Executing controller action with signature Microsoft.AspNetCore.Mvc.ActionResult`1[System.Collections.Generic.IEnumerable`1[Books.API.Models.BookWithoutQuotesDto]] GetBooks(Books.API.ResourceParameters.BooksResourceParameters) on controller Books.API.Controllers.BooksController (Books.API).
2020-06-25 12:22:07.0164|INFO|Microsoft.AspNetCore.Mvc.Infrastructure.ControllerActionInvoker|Executing action method Books.API.Controllers.BooksController.GetBooks (Books.API) - Validation state: Valid
2020-06-25 12:22:07.0381|INFO|Microsoft.EntityFrameworkCore.Infrastructure|Entity Framework Core 3.1.2 initialized 'BookInfoContext' using provider 'Microsoft.EntityFrameworkCore.SqlServer' with options: None
2020-06-25 12:22:07.1940|INFO|Microsoft.EntityFrameworkCore.Database.Command|Executed DbCommand (23ms) [Parameters=[@__searchQuery_0='?' (Size = 256)], CommandType='Text', CommandTimeout='30']
SELECT [b].[Id], [b].[Author], [b].[Description], [b].[Genre], [b].[Title]
FROM [Books] AS [b]
WHERE ((((@__searchQuery_0 = N'') OR (CHARINDEX(@__searchQuery_0, [b].[Author]) > 0)) OR ((@__searchQuery_0 = N'') OR (CHARINDEX(@__searchQuery_0, [b].[Description]) > 0))) OR ((@__searchQuery_0 = N'') OR (CHARINDEX(@__searchQuery_0, [b].[Genre]) > 0))) OR ((@__searchQuery_0 = N'') OR (CHARINDEX(@__searchQuery_0, [b].[Title]) > 0))
2020-06-25 12:22:07.2387|INFO|Microsoft.AspNetCore.Mvc.Infrastructure.ControllerActionInvoker|Executed action method Books.API.Controllers.BooksController.GetBooks (Books.API), returned result Microsoft.AspNetCore.Mvc.OkObjectResult in 211.5712ms.
2020-06-25 12:22:07.2635|INFO|Microsoft.AspNetCore.Mvc.Infrastructure.ObjectResultExecutor|Executing ObjectResult, writing value of type 'System.Collections.Generic.List`1[[Books.API.Models.BookWithoutQuotesDto, Books.API, Version=1.0.0.0, Culture=neutral, PublicKeyToken=null]]'.
2020-06-25 12:22:07.3415|INFO|Microsoft.AspNetCore.Mvc.Infrastructure.ControllerActionInvoker|Executed action Books.API.Controllers.BooksController.GetBooks (Books.API) in 466.9614ms
2020-06-25 12:22:07.3415|INFO|Microsoft.AspNetCore.Routing.EndpointMiddleware|Executed endpoint 'Books.API.Controllers.BooksController.GetBooks (Books.API)'
2020-06-25 12:22:07.3620|INFO|Microsoft.AspNetCore.Hosting.Diagnostics|Request finished in 566.544ms 200 application/json; charset=utf-8
2020-06-25 12:22:19.6547|INFO|Microsoft.AspNetCore.Hosting.Diagnostics|Request starting HTTP/1.1 GET http://localhost:51004/api/books  
2020-06-25 12:22:19.6674|INFO|Microsoft.AspNetCore.Routing.EndpointMiddleware|Executing endpoint 'Books.API.Controllers.BooksController.GetBooks (Books.API)'
2020-06-25 12:22:19.6674|INFO|Microsoft.AspNetCore.Mvc.Infrastructure.ControllerActionInvoker|Route matched with {action = "GetBooks", controller = "Books"}. Executing controller action with signature Microsoft.AspNetCore.Mvc.ActionResult`1[System.Collections.Generic.IEnumerable`1[Books.API.Models.BookWithoutQuotesDto]] GetBooks(Books.API.ResourceParameters.BooksResourceParameters) on controller Books.API.Controllers.BooksController (Books.API).
2020-06-25 12:22:19.7081|INFO|Microsoft.AspNetCore.Mvc.Infrastructure.ControllerActionInvoker|Executing action method Books.API.Controllers.BooksController.GetBooks (Books.API) - Validation state: Valid
2020-06-25 12:22:19.7358|INFO|Microsoft.EntityFrameworkCore.Infrastructure|Entity Framework Core 3.1.2 initialized 'BookInfoContext' using provider 'Microsoft.EntityFrameworkCore.SqlServer' with options: None
2020-06-25 12:22:19.7556|INFO|Microsoft.EntityFrameworkCore.Database.Command|Executed DbCommand (2ms) [Parameters=[], CommandType='Text', CommandTimeout='30']
SELECT [b].[Id], [b].[Author], [b].[Description], [b].[Genre], [b].[Title]
FROM [Books] AS [b]
ORDER BY [b].[Title]
2020-06-25 12:22:19.7785|INFO|Microsoft.AspNetCore.Mvc.Infrastructure.ControllerActionInvoker|Executed action method Books.API.Controllers.BooksController.GetBooks (Books.API), returned result Microsoft.AspNetCore.Mvc.OkObjectResult in 61.7822ms.
2020-06-25 12:22:19.7985|INFO|Microsoft.AspNetCore.Mvc.Infrastructure.ObjectResultExecutor|Executing ObjectResult, writing value of type 'System.Collections.Generic.List`1[[Books.API.Models.BookWithoutQuotesDto, Books.API, Version=1.0.0.0, Culture=neutral, PublicKeyToken=null]]'.
2020-06-25 12:22:19.8100|INFO|Microsoft.AspNetCore.Mvc.Infrastructure.ControllerActionInvoker|Executed action Books.API.Controllers.BooksController.GetBooks (Books.API) in 121.4049ms
2020-06-25 12:22:19.8100|INFO|Microsoft.AspNetCore.Routing.EndpointMiddleware|Executed endpoint 'Books.API.Controllers.BooksController.GetBooks (Books.API)'
2020-06-25 12:22:19.8285|INFO|Microsoft.AspNetCore.Hosting.Diagnostics|Request finished in 174.043ms 200 application/json; charset=utf-8
2020-06-25 12:22:34.6058|INFO|Microsoft.AspNetCore.Hosting.Diagnostics|Request starting HTTP/1.1 GET http://localhost:51004/api/books?genre=novel  
2020-06-25 12:22:34.6185|INFO|Microsoft.AspNetCore.Routing.EndpointMiddleware|Executing endpoint 'Books.API.Controllers.BooksController.GetBooks (Books.API)'
2020-06-25 12:22:34.6185|INFO|Microsoft.AspNetCore.Mvc.Infrastructure.ControllerActionInvoker|Route matched with {action = "GetBooks", controller = "Books"}. Executing controller action with signature Microsoft.AspNetCore.Mvc.ActionResult`1[System.Collections.Generic.IEnumerable`1[Books.API.Models.BookWithoutQuotesDto]] GetBooks(Books.API.ResourceParameters.BooksResourceParameters) on controller Books.API.Controllers.BooksController (Books.API).
2020-06-25 12:22:34.6634|INFO|Microsoft.AspNetCore.Mvc.Infrastructure.ControllerActionInvoker|Executing action method Books.API.Controllers.BooksController.GetBooks (Books.API) - Validation state: Valid
2020-06-25 12:22:34.6734|INFO|Microsoft.EntityFrameworkCore.Infrastructure|Entity Framework Core 3.1.2 initialized 'BookInfoContext' using provider 'Microsoft.EntityFrameworkCore.SqlServer' with options: None
2020-06-25 12:22:34.6946|INFO|Microsoft.EntityFrameworkCore.Database.Command|Executed DbCommand (3ms) [Parameters=[@__genre_0='?' (Size = 256)], CommandType='Text', CommandTimeout='30']
SELECT [b].[Id], [b].[Author], [b].[Description], [b].[Genre], [b].[Title]
FROM [Books] AS [b]
WHERE [b].[Genre] = @__genre_0
2020-06-25 12:22:34.7097|INFO|Microsoft.AspNetCore.Mvc.Infrastructure.ControllerActionInvoker|Executed action method Books.API.Controllers.BooksController.GetBooks (Books.API), returned result Microsoft.AspNetCore.Mvc.OkObjectResult in 37.1222ms.
2020-06-25 12:22:34.7295|INFO|Microsoft.AspNetCore.Mvc.Infrastructure.ObjectResultExecutor|Executing ObjectResult, writing value of type 'System.Collections.Generic.List`1[[Books.API.Models.BookWithoutQuotesDto, Books.API, Version=1.0.0.0, Culture=neutral, PublicKeyToken=null]]'.
2020-06-25 12:22:34.7295|INFO|Microsoft.AspNetCore.Mvc.Infrastructure.ControllerActionInvoker|Executed action Books.API.Controllers.BooksController.GetBooks (Books.API) in 98.1913ms
2020-06-25 12:22:34.7480|INFO|Microsoft.AspNetCore.Routing.EndpointMiddleware|Executed endpoint 'Books.API.Controllers.BooksController.GetBooks (Books.API)'
2020-06-25 12:22:34.7480|INFO|Microsoft.AspNetCore.Hosting.Diagnostics|Request finished in 152.3567ms 200 application/json; charset=utf-8
2020-06-25 15:38:07.4703|INFO|Books.API.Program|Initializing application...
2020-06-25 15:38:08.5458|INFO|Microsoft.EntityFrameworkCore.Infrastructure|Entity Framework Core 3.1.2 initialized 'BookInfoContext' using provider 'Microsoft.EntityFrameworkCore.SqlServer' with options: None
2020-06-25 15:38:09.3722|INFO|Microsoft.EntityFrameworkCore.Database.Command|Executed DbCommand (14ms) [Parameters=[], CommandType='Text', CommandTimeout='30']
SELECT 1
2020-06-25 15:38:09.5142|INFO|Microsoft.EntityFrameworkCore.Database.Command|Executed DbCommand (4ms) [Parameters=[], CommandType='Text', CommandTimeout='60']
IF SERVERPROPERTY('EngineEdition') <> 5
BEGIN
    ALTER DATABASE [BookInfoDB] SET SINGLE_USER WITH ROLLBACK IMMEDIATE;
END;
2020-06-25 15:38:09.6706|INFO|Microsoft.EntityFrameworkCore.Database.Command|Executed DbCommand (16ms) [Parameters=[], CommandType='Text', CommandTimeout='60']
DROP DATABASE [BookInfoDB];
2020-06-25 15:38:20.0540|INFO|Microsoft.EntityFrameworkCore.Database.Command|Executed DbCommand (191ms) [Parameters=[], CommandType='Text', CommandTimeout='60']
CREATE DATABASE [BookInfoDB];
2020-06-25 15:38:20.0997|INFO|Microsoft.EntityFrameworkCore.Database.Command|Executed DbCommand (35ms) [Parameters=[], CommandType='Text', CommandTimeout='60']
IF SERVERPROPERTY('EngineEdition') <> 5
BEGIN
    ALTER DATABASE [BookInfoDB] SET READ_COMMITTED_SNAPSHOT ON;
END;
2020-06-25 15:38:20.1183|INFO|Microsoft.EntityFrameworkCore.Database.Command|Executed DbCommand (1ms) [Parameters=[], CommandType='Text', CommandTimeout='30']
SELECT 1
2020-06-25 15:38:20.1940|INFO|Microsoft.EntityFrameworkCore.Database.Command|Executed DbCommand (5ms) [Parameters=[], CommandType='Text', CommandTimeout='30']
CREATE TABLE [__EFMigrationsHistory] (
    [MigrationId] nvarchar(150) NOT NULL,
    [ProductVersion] nvarchar(32) NOT NULL,
    CONSTRAINT [PK___EFMigrationsHistory] PRIMARY KEY ([MigrationId])
);
2020-06-25 15:38:20.2114|INFO|Microsoft.EntityFrameworkCore.Database.Command|Executed DbCommand (1ms) [Parameters=[], CommandType='Text', CommandTimeout='30']
SELECT 1
2020-06-25 15:38:20.2382|INFO|Microsoft.EntityFrameworkCore.Database.Command|Executed DbCommand (11ms) [Parameters=[], CommandType='Text', CommandTimeout='30']
SELECT OBJECT_ID(N'[__EFMigrationsHistory]');
2020-06-25 15:38:20.2572|INFO|Microsoft.EntityFrameworkCore.Database.Command|Executed DbCommand (3ms) [Parameters=[], CommandType='Text', CommandTimeout='30']
SELECT [MigrationId], [ProductVersion]
FROM [__EFMigrationsHistory]
ORDER BY [MigrationId];
2020-06-25 15:38:20.2776|INFO|Microsoft.EntityFrameworkCore.Migrations|Applying migration '20200305171620_BookInfoDBInitialMigration'.
2020-06-25 15:38:20.3121|INFO|Microsoft.EntityFrameworkCore.Database.Command|Executed DbCommand (4ms) [Parameters=[], CommandType='Text', CommandTimeout='30']
CREATE TABLE [Books] (
    [Id] int NOT NULL IDENTITY,
    [Title] nvarchar(512) NOT NULL,
    [Author] nvarchar(256) NOT NULL,
    [Description] nvarchar(1024) NULL,
    [Genre] nvarchar(256) NULL,
    CONSTRAINT [PK_Books] PRIMARY KEY ([Id])
);
2020-06-25 15:38:20.3265|INFO|Microsoft.EntityFrameworkCore.Database.Command|Executed DbCommand (3ms) [Parameters=[], CommandType='Text', CommandTimeout='30']
CREATE TABLE [Quotations] (
    [Id] int NOT NULL IDENTITY,
    [Quote] nvarchar(1024) NOT NULL,
    [BookId] int NOT NULL,
    CONSTRAINT [PK_Quotations] PRIMARY KEY ([Id]),
    CONSTRAINT [FK_Quotations_Books_BookId] FOREIGN KEY ([BookId]) REFERENCES [Books] ([Id]) ON DELETE CASCADE
);
2020-06-25 15:38:20.3394|INFO|Microsoft.EntityFrameworkCore.Database.Command|Executed DbCommand (2ms) [Parameters=[], CommandType='Text', CommandTimeout='30']
CREATE INDEX [IX_Quotations_BookId] ON [Quotations] ([BookId]);
2020-06-25 15:38:20.3394|INFO|Microsoft.EntityFrameworkCore.Database.Command|Executed DbCommand (2ms) [Parameters=[], CommandType='Text', CommandTimeout='30']
INSERT INTO [__EFMigrationsHistory] ([MigrationId], [ProductVersion])
VALUES (N'20200305171620_BookInfoDBInitialMigration', N'3.1.2');
2020-06-25 15:38:20.3692|INFO|Microsoft.EntityFrameworkCore.Migrations|Applying migration '20200305174452_BookInfoDBAddNotesFieldToQuotation'.
2020-06-25 15:38:20.3889|INFO|Microsoft.EntityFrameworkCore.Database.Command|Executed DbCommand (2ms) [Parameters=[], CommandType='Text', CommandTimeout='30']
ALTER TABLE [Quotations] ADD [Notes] nvarchar(1024) NULL;
2020-06-25 15:38:20.4011|INFO|Microsoft.EntityFrameworkCore.Database.Command|Executed DbCommand (1ms) [Parameters=[], CommandType='Text', CommandTimeout='30']
INSERT INTO [__EFMigrationsHistory] ([MigrationId], [ProductVersion])
VALUES (N'20200305174452_BookInfoDBAddNotesFieldToQuotation', N'3.1.2');
2020-06-25 15:38:20.4155|INFO|Microsoft.EntityFrameworkCore.Migrations|Applying migration '20200306134955_SampleData'.
2020-06-25 15:38:20.4571|INFO|Microsoft.EntityFrameworkCore.Database.Command|Executed DbCommand (17ms) [Parameters=[], CommandType='Text', CommandTimeout='30']
IF EXISTS (SELECT * FROM [sys].[identity_columns] WHERE [name] IN (N'Id', N'Author', N'Description', N'Title', N'Genre') AND [object_id] = OBJECT_ID(N'[Books]'))
    SET IDENTITY_INSERT [Books] ON;
INSERT INTO [Books] ([Id], [Author], [Description], [Title], [Genre])
VALUES (1, N'Charles Dickens', N'', N'Great Expectations', N''),
(2, N'George Orwell', N'', N'Animal Farm', N''),
(3, N'Dashiell Hammett', N'', N'The Maltese Falcon', N''),
(4, N'E M Forster', N'', N'A Room with a View', N''),
(5, N'Harper Lee', N'', N'To Kill a Mockingbird', N''),
(6, N'George Orwell', N'', N'1984', N'Dystopian Fiction'),
(7, N'Charles Dickens', N'', N'A Christmas Carol', N'Novel'),
(8, N'Oscar Wilde', N'', N'The Picture of Dorian Gray', N'Novel'),
(9, N'Ray Bradbury', N'', N'Fahrenheit 451', N'Dystopian Fiction'),
(10, N'Jack London', N'', N'The Call of the Wild', N'Adventure Fiction'),
(11, N'Agatha Christie', N'', N'Murder on the Orient Express', N'Crime Fiction');
IF EXISTS (SELECT * FROM [sys].[identity_columns] WHERE [name] IN (N'Id', N'Author', N'Description', N'Title', N'Genre') AND [object_id] = OBJECT_ID(N'[Books]'))
    SET IDENTITY_INSERT [Books] OFF;
2020-06-25 15:38:20.4756|INFO|Microsoft.EntityFrameworkCore.Database.Command|Executed DbCommand (8ms) [Parameters=[], CommandType='Text', CommandTimeout='30']
IF EXISTS (SELECT * FROM [sys].[identity_columns] WHERE [name] IN (N'Id', N'BookId', N'Notes', N'Quote') AND [object_id] = OBJECT_ID(N'[Quotations]'))
    SET IDENTITY_INSERT [Quotations] ON;
INSERT INTO [Quotations] ([Id], [BookId], [Notes], [Quote])
VALUES (1, 1, N'', N'You are in every line I have ever read.'),
(2, 1, N'', N'Spring is the time of year when it is summer in the sun and winter in the shade.'),
(3, 2, N'', N'All animals are equal, but some animals are more equal than others.'),
(4, 2, N'', N'Four legs good, two legs bad.'),
(5, 2, N'', N'This work was strictly voluntary, but any animal who absented himself from it would have his rations reduced by half.'),
(6, 3, N'', N' I wanted it, and I''m not a man that''s easily discouraged when he wants something.'),
(7, 3, N'', N'You know how to do things ... you''ll land on your feet in the end.'),
(8, 3, N'', N'The cheaper the crook, the gaudier the patter.'),
(9, 4, N'', N'Life is easy to chronicle, but bewildering to practice.'),
(10, 4, N'', N'Of course he despised the world as a whole; every thoughtful man should; it is almost a test of refinement.'),
(11, 4, N'', N'The world is certainly full of beautiful things, if only I could come across them.'),
(12, 5, N'', N'You never really understand a person until you consider things from his point of view... Until you climb inside of his skin and walk around in it.'),
(13, 5, N'', N'People generally see what they look for, and hear what they listen for.'),
(14, 5, N'', N'Lawyers, I suppose were once children, too.');
IF EXISTS (SELECT * FROM [sys].[identity_columns] WHERE [name] IN (N'Id', N'BookId', N'Notes', N'Quote') AND [object_id] = OBJECT_ID(N'[Quotations]'))
    SET IDENTITY_INSERT [Quotations] OFF;
2020-06-25 15:38:20.4871|INFO|Microsoft.EntityFrameworkCore.Database.Command|Executed DbCommand (1ms) [Parameters=[], CommandType='Text', CommandTimeout='30']
INSERT INTO [__EFMigrationsHistory] ([MigrationId], [ProductVersion])
VALUES (N'20200306134955_SampleData', N'3.1.2');
2020-06-25 15:38:20.5003|INFO|Microsoft.EntityFrameworkCore.Migrations|Applying migration '20200623160411_SampleData2'.
2020-06-25 15:38:20.5219|INFO|Microsoft.EntityFrameworkCore.Database.Command|Executed DbCommand (2ms) [Parameters=[], CommandType='Text', CommandTimeout='30']
UPDATE [Books] SET [Genre] = N'Political Satire'
WHERE [Id] = 2;
SELECT @@ROWCOUNT;
2020-06-25 15:38:20.5333|INFO|Microsoft.EntityFrameworkCore.Database.Command|Executed DbCommand (1ms) [Parameters=[], CommandType='Text', CommandTimeout='30']
UPDATE [Books] SET [Genre] = N'Crime Fiction'
WHERE [Id] = 3;
SELECT @@ROWCOUNT;
2020-06-25 15:38:20.5443|INFO|Microsoft.EntityFrameworkCore.Database.Command|Executed DbCommand (1ms) [Parameters=[], CommandType='Text', CommandTimeout='30']
UPDATE [Books] SET [Genre] = N'Novel'
WHERE [Id] = 4;
SELECT @@ROWCOUNT;
2020-06-25 15:38:20.5443|INFO|Microsoft.EntityFrameworkCore.Database.Command|Executed DbCommand (1ms) [Parameters=[], CommandType='Text', CommandTimeout='30']
UPDATE [Books] SET [Genre] = N'Bildungsroman'
WHERE [Id] = 5;
SELECT @@ROWCOUNT;
2020-06-25 15:38:20.5668|INFO|Microsoft.EntityFrameworkCore.Database.Command|Executed DbCommand (1ms) [Parameters=[], CommandType='Text', CommandTimeout='30']
UPDATE [Books] SET [Genre] = N'Novel'
WHERE [Id] = 1;
SELECT @@ROWCOUNT;
2020-06-25 15:38:20.5785|INFO|Microsoft.EntityFrameworkCore.Database.Command|Executed DbCommand (2ms) [Parameters=[], CommandType='Text', CommandTimeout='30']
INSERT INTO [__EFMigrationsHistory] ([MigrationId], [ProductVersion])
VALUES (N'20200623160411_SampleData2', N'3.1.2');
2020-06-25 15:38:20.5947|INFO|Books.API.Program|Running host...
2020-06-25 15:38:20.6961|INFO|Microsoft.Hosting.Lifetime|Now listening on: http://localhost:51004
2020-06-25 15:38:20.7056|INFO|Microsoft.Hosting.Lifetime|Application started. Press Ctrl+C to shut down.
2020-06-25 15:38:20.7131|INFO|Microsoft.Hosting.Lifetime|Hosting environment: Development
2020-06-25 15:38:20.7131|INFO|Microsoft.Hosting.Lifetime|Content root path: C:\Users\Dev\source\repos\PS\Books\Books.API
2020-06-25 15:38:26.1817|INFO|Microsoft.AspNetCore.Hosting.Diagnostics|Request starting HTTP/1.1 POST http://localhost:51004/api/books application/json 131
2020-06-25 15:38:26.2144|INFO|Microsoft.AspNetCore.Routing.EndpointMiddleware|Executing endpoint 'Books.API.Controllers.BooksController.CreateBook (Books.API)'
2020-06-25 15:38:26.2400|INFO|Microsoft.AspNetCore.Mvc.Infrastructure.ControllerActionInvoker|Route matched with {action = "CreateBook", controller = "Books"}. Executing controller action with signature Microsoft.AspNetCore.Mvc.ActionResult`1[Books.API.Models.BookDto] CreateBook(Books.API.Models.BookForCreationDto) on controller Books.API.Controllers.BooksController (Books.API).
2020-06-25 15:38:26.4557|INFO|Microsoft.AspNetCore.Mvc.Infrastructure.ControllerActionInvoker|Executing action method Books.API.Controllers.BooksController.CreateBook (Books.API) - Validation state: Valid
2020-06-25 15:38:26.4781|INFO|Microsoft.EntityFrameworkCore.Infrastructure|Entity Framework Core 3.1.2 initialized 'BookInfoContext' using provider 'Microsoft.EntityFrameworkCore.SqlServer' with options: None
2020-06-25 15:38:26.5855|INFO|Microsoft.EntityFrameworkCore.Database.Command|Executed DbCommand (23ms) [Parameters=[@p0='?' (Size = 256), @p1='?' (Size = 1024), @p2='?' (Size = 256), @p3='?' (Size = 512)], CommandType='Text', CommandTimeout='30']
SET NOCOUNT ON;
INSERT INTO [Books] ([Author], [Description], [Genre], [Title])
VALUES (@p0, @p1, @p2, @p3);
SELECT [Id]
FROM [Books]
WHERE @@ROWCOUNT = 1 AND [Id] = scope_identity();
2020-06-25 15:38:26.6316|INFO|Microsoft.AspNetCore.Mvc.Infrastructure.ControllerActionInvoker|Executed action method Books.API.Controllers.BooksController.CreateBook (Books.API), returned result Microsoft.AspNetCore.Mvc.CreatedAtActionResult in 164.6959ms.
2020-06-25 15:38:26.6548|INFO|Microsoft.AspNetCore.Mvc.Infrastructure.ObjectResultExecutor|Executing ObjectResult, writing value of type 'Books.API.Models.BookDto'.
2020-06-25 15:38:26.7173|INFO|Microsoft.AspNetCore.Mvc.Infrastructure.ControllerActionInvoker|Executed action Books.API.Controllers.BooksController.CreateBook (Books.API) in 460.6997ms
2020-06-25 15:38:26.7173|INFO|Microsoft.AspNetCore.Routing.EndpointMiddleware|Executed endpoint 'Books.API.Controllers.BooksController.CreateBook (Books.API)'
2020-06-25 15:38:26.7381|INFO|Microsoft.AspNetCore.Hosting.Diagnostics|Request finished in 557.5997ms 201 application/json; charset=utf-8
