2020-03-11 16:33:52.8379|INFO|Books.API.Program|Initializing application...
2020-03-11 16:34:06.0870|INFO|Microsoft.Hosting.Lifetime|Application started. Press Ctrl+C to shut down.
2020-03-11 16:34:06.0870|INFO|Microsoft.Hosting.Lifetime|Hosting environment: Development
2020-03-11 16:34:06.0954|INFO|Microsoft.Hosting.Lifetime|Content root path: C:\Users\Dev\source\repos\PS\Books\Books.API
2020-03-11 16:34:06.1123|WARN|Microsoft.AspNetCore.HttpsPolicy.HttpsRedirectionMiddleware|Failed to determine the https port for redirect.
2020-03-11 16:38:27.6874|INFO|Books.API.Program|Initializing application...
2020-03-11 16:38:39.4217|INFO|Microsoft.Hosting.Lifetime|Application started. Press Ctrl+C to shut down.
2020-03-11 16:38:39.4217|INFO|Microsoft.Hosting.Lifetime|Hosting environment: Development
2020-03-11 16:38:39.4217|INFO|Microsoft.Hosting.Lifetime|Content root path: C:\Users\Dev\source\repos\PS\Books\Books.API
2020-03-11 16:38:39.4418|WARN|Microsoft.AspNetCore.HttpsPolicy.HttpsRedirectionMiddleware|Failed to determine the https port for redirect.
2020-03-11 16:41:36.8297|INFO|Books.API.Program|Initializing application...
2020-03-11 16:41:48.5508|INFO|Microsoft.Hosting.Lifetime|Application started. Press Ctrl+C to shut down.
2020-03-11 16:41:48.5508|INFO|Microsoft.Hosting.Lifetime|Hosting environment: Development
2020-03-11 16:41:48.5508|INFO|Microsoft.Hosting.Lifetime|Content root path: C:\Users\Dev\source\repos\PS\Books\Books.API
2020-03-11 16:41:48.5703|WARN|Microsoft.AspNetCore.HttpsPolicy.HttpsRedirectionMiddleware|Failed to determine the https port for redirect.
2020-03-11 16:46:56.4947|INFO|Books.API.Program|Initializing application...
2020-03-11 16:47:08.1903|INFO|Microsoft.Hosting.Lifetime|Application started. Press Ctrl+C to shut down.
2020-03-11 16:47:08.1903|INFO|Microsoft.Hosting.Lifetime|Hosting environment: Development
2020-03-11 16:47:08.1903|INFO|Microsoft.Hosting.Lifetime|Content root path: C:\Users\Dev\source\repos\PS\Books\Books.API
2020-03-11 16:47:08.2110|WARN|Microsoft.AspNetCore.HttpsPolicy.HttpsRedirectionMiddleware|Failed to determine the https port for redirect.
2020-03-11 17:31:39.7454|INFO|Books.API.Program|Initializing application...
2020-03-11 17:31:52.4699|INFO|Microsoft.Hosting.Lifetime|Application started. Press Ctrl+C to shut down.
2020-03-11 17:31:52.4699|INFO|Microsoft.Hosting.Lifetime|Hosting environment: Development
2020-03-11 17:31:52.4699|INFO|Microsoft.Hosting.Lifetime|Content root path: C:\Users\Dev\source\repos\PS\Books\Books.API
2020-03-11 17:31:52.4893|WARN|Microsoft.AspNetCore.HttpsPolicy.HttpsRedirectionMiddleware|Failed to determine the https port for redirect.
2020-03-11 17:35:53.7530|INFO|Books.API.Program|Initializing application...
2020-03-11 17:36:05.6156|INFO|Microsoft.Hosting.Lifetime|Application started. Press Ctrl+C to shut down.
2020-03-11 17:36:05.6156|INFO|Microsoft.Hosting.Lifetime|Hosting environment: Development
2020-03-11 17:36:05.6156|INFO|Microsoft.Hosting.Lifetime|Content root path: C:\Users\Dev\source\repos\PS\Books\Books.API
2020-03-11 17:36:05.6351|WARN|Microsoft.AspNetCore.HttpsPolicy.HttpsRedirectionMiddleware|Failed to determine the https port for redirect.
2020-03-11 17:39:04.0231|INFO|Books.API.Program|Initializing application...
2020-03-11 17:39:15.7487|INFO|Microsoft.Hosting.Lifetime|Application started. Press Ctrl+C to shut down.
2020-03-11 17:39:15.7487|INFO|Microsoft.Hosting.Lifetime|Hosting environment: Development
2020-03-11 17:39:15.7487|INFO|Microsoft.Hosting.Lifetime|Content root path: C:\Users\Dev\source\repos\PS\Books\Books.API
2020-03-11 17:39:15.7684|WARN|Microsoft.AspNetCore.HttpsPolicy.HttpsRedirectionMiddleware|Failed to determine the https port for redirect.
2020-03-11 17:53:50.9979|INFO|Books.API.Program|Initializing application...
2020-03-11 17:54:03.6935|INFO|Microsoft.Hosting.Lifetime|Application started. Press Ctrl+C to shut down.
2020-03-11 17:54:03.6935|INFO|Microsoft.Hosting.Lifetime|Hosting environment: Development
2020-03-11 17:54:03.6935|INFO|Microsoft.Hosting.Lifetime|Content root path: C:\Users\Dev\source\repos\PS\Books\Books.API
2020-03-11 17:54:03.7098|WARN|Microsoft.AspNetCore.HttpsPolicy.HttpsRedirectionMiddleware|Failed to determine the https port for redirect.
2020-03-11 18:03:11.1645|INFO|Books.API.Program|Initializing application...
2020-03-11 18:03:23.7293|INFO|Microsoft.Hosting.Lifetime|Application started. Press Ctrl+C to shut down.
2020-03-11 18:03:23.7334|INFO|Microsoft.Hosting.Lifetime|Hosting environment: Development
2020-03-11 18:03:23.7334|INFO|Microsoft.Hosting.Lifetime|Content root path: C:\Users\Dev\source\repos\PS\Books\Books.API
2020-03-11 18:03:23.7334|WARN|Microsoft.AspNetCore.HttpsPolicy.HttpsRedirectionMiddleware|Failed to determine the https port for redirect.
2020-03-11 18:03:34.6686|INFO|Books.API.Program|Initializing application...
2020-03-11 18:33:38.5559|INFO|Books.API.Program|Initializing application...
2020-03-11 18:33:50.7970|INFO|Microsoft.Hosting.Lifetime|Application started. Press Ctrl+C to shut down.
2020-03-11 18:33:50.7970|INFO|Microsoft.Hosting.Lifetime|Hosting environment: Development
2020-03-11 18:33:50.7970|INFO|Microsoft.Hosting.Lifetime|Content root path: C:\Users\Dev\source\repos\PS\Books\Books.API
2020-03-11 18:33:50.8136|WARN|Microsoft.AspNetCore.HttpsPolicy.HttpsRedirectionMiddleware|Failed to determine the https port for redirect.
2020-03-11 18:37:53.6351|INFO|Books.API.Program|Initializing application...
2020-03-11 18:38:05.4542|INFO|Microsoft.Hosting.Lifetime|Application started. Press Ctrl+C to shut down.
2020-03-11 18:38:05.4542|INFO|Microsoft.Hosting.Lifetime|Hosting environment: Development
2020-03-11 18:38:05.4542|INFO|Microsoft.Hosting.Lifetime|Content root path: C:\Users\Dev\source\repos\PS\Books\Books.API
2020-03-11 18:38:05.4716|WARN|Microsoft.AspNetCore.HttpsPolicy.HttpsRedirectionMiddleware|Failed to determine the https port for redirect.
2020-03-11 18:38:57.6974|INFO|Books.API.Program|Initializing application...
2020-03-11 18:39:09.5397|INFO|Microsoft.Hosting.Lifetime|Application started. Press Ctrl+C to shut down.
2020-03-11 18:39:09.5397|INFO|Microsoft.Hosting.Lifetime|Hosting environment: Development
2020-03-11 18:39:09.5468|INFO|Microsoft.Hosting.Lifetime|Content root path: C:\Users\Dev\source\repos\PS\Books\Books.API
2020-03-11 18:39:09.5468|WARN|Microsoft.AspNetCore.HttpsPolicy.HttpsRedirectionMiddleware|Failed to determine the https port for redirect.
2020-03-11 18:44:44.0010|INFO|Books.API.Program|Initializing application...
2020-03-11 18:44:55.9226|INFO|Microsoft.Hosting.Lifetime|Application started. Press Ctrl+C to shut down.
2020-03-11 18:44:55.9226|INFO|Microsoft.Hosting.Lifetime|Hosting environment: Development
2020-03-11 18:44:55.9226|INFO|Microsoft.Hosting.Lifetime|Content root path: C:\Users\Dev\source\repos\PS\Books\Books.API
2020-03-11 18:44:55.9423|WARN|Microsoft.AspNetCore.HttpsPolicy.HttpsRedirectionMiddleware|Failed to determine the https port for redirect.
