2020-06-29 18:17:04.6573|INFO|Books.API.Program|Initializing application...
2020-06-29 18:17:06.0726|INFO|Microsoft.EntityFrameworkCore.Infrastructure|Entity Framework Core 3.1.2 initialized 'BookInfoContext' using provider 'Microsoft.EntityFrameworkCore.SqlServer' with options: None
2020-06-29 18:17:06.8823|INFO|Microsoft.EntityFrameworkCore.Database.Command|Executed DbCommand (14ms) [Parameters=[], CommandType='Text', CommandTimeout='30']
SELECT 1
2020-06-29 18:17:06.9820|INFO|Microsoft.EntityFrameworkCore.Database.Command|Executed DbCommand (6ms) [Parameters=[], CommandType='Text', CommandTimeout='60']
IF SERVERPROPERTY('EngineEdition') <> 5
BEGIN
    ALTER DATABASE [BookInfoDB] SET SINGLE_USER WITH ROLLBACK IMMEDIATE;
END;
2020-06-29 18:17:07.1503|INFO|Microsoft.EntityFrameworkCore.Database.Command|Executed DbCommand (27ms) [Parameters=[], CommandType='Text', CommandTimeout='60']
DROP DATABASE [BookInfoDB];
2020-06-29 18:17:17.6261|INFO|Microsoft.EntityFrameworkCore.Database.Command|Executed DbCommand (222ms) [Parameters=[], CommandType='Text', CommandTimeout='60']
CREATE DATABASE [BookInfoDB];
2020-06-29 18:17:17.6680|INFO|Microsoft.EntityFrameworkCore.Database.Command|Executed DbCommand (33ms) [Parameters=[], CommandType='Text', CommandTimeout='60']
IF SERVERPROPERTY('EngineEdition') <> 5
BEGIN
    ALTER DATABASE [BookInfoDB] SET READ_COMMITTED_SNAPSHOT ON;
END;
2020-06-29 18:17:17.6852|INFO|Microsoft.EntityFrameworkCore.Database.Command|Executed DbCommand (1ms) [Parameters=[], CommandType='Text', CommandTimeout='30']
SELECT 1
2020-06-29 18:17:17.7600|INFO|Microsoft.EntityFrameworkCore.Database.Command|Executed DbCommand (5ms) [Parameters=[], CommandType='Text', CommandTimeout='30']
CREATE TABLE [__EFMigrationsHistory] (
    [MigrationId] nvarchar(150) NOT NULL,
    [ProductVersion] nvarchar(32) NOT NULL,
    CONSTRAINT [PK___EFMigrationsHistory] PRIMARY KEY ([MigrationId])
);
2020-06-29 18:17:17.7756|INFO|Microsoft.EntityFrameworkCore.Database.Command|Executed DbCommand (1ms) [Parameters=[], CommandType='Text', CommandTimeout='30']
SELECT 1
2020-06-29 18:17:17.8019|INFO|Microsoft.EntityFrameworkCore.Database.Command|Executed DbCommand (11ms) [Parameters=[], CommandType='Text', CommandTimeout='30']
SELECT OBJECT_ID(N'[__EFMigrationsHistory]');
2020-06-29 18:17:17.8200|INFO|Microsoft.EntityFrameworkCore.Database.Command|Executed DbCommand (3ms) [Parameters=[], CommandType='Text', CommandTimeout='30']
SELECT [MigrationId], [ProductVersion]
FROM [__EFMigrationsHistory]
ORDER BY [MigrationId];
2020-06-29 18:17:17.8393|INFO|Microsoft.EntityFrameworkCore.Migrations|Applying migration '20200305171620_BookInfoDBInitialMigration'.
2020-06-29 18:17:17.8711|INFO|Microsoft.EntityFrameworkCore.Database.Command|Executed DbCommand (2ms) [Parameters=[], CommandType='Text', CommandTimeout='30']
CREATE TABLE [Books] (
    [Id] int NOT NULL IDENTITY,
    [Title] nvarchar(512) NOT NULL,
    [Author] nvarchar(256) NOT NULL,
    [Description] nvarchar(1024) NULL,
    [Genre] nvarchar(256) NULL,
    CONSTRAINT [PK_Books] PRIMARY KEY ([Id])
);
2020-06-29 18:17:17.8711|INFO|Microsoft.EntityFrameworkCore.Database.Command|Executed DbCommand (2ms) [Parameters=[], CommandType='Text', CommandTimeout='30']
CREATE TABLE [Quotations] (
    [Id] int NOT NULL IDENTITY,
    [Quote] nvarchar(1024) NOT NULL,
    [BookId] int NOT NULL,
    CONSTRAINT [PK_Quotations] PRIMARY KEY ([Id]),
    CONSTRAINT [FK_Quotations_Books_BookId] FOREIGN KEY ([BookId]) REFERENCES [Books] ([Id]) ON DELETE CASCADE
);
2020-06-29 18:17:17.8941|INFO|Microsoft.EntityFrameworkCore.Database.Command|Executed DbCommand (2ms) [Parameters=[], CommandType='Text', CommandTimeout='30']
CREATE INDEX [IX_Quotations_BookId] ON [Quotations] ([BookId]);
2020-06-29 18:17:17.9060|INFO|Microsoft.EntityFrameworkCore.Database.Command|Executed DbCommand (2ms) [Parameters=[], CommandType='Text', CommandTimeout='30']
INSERT INTO [__EFMigrationsHistory] ([MigrationId], [ProductVersion])
VALUES (N'20200305171620_BookInfoDBInitialMigration', N'3.1.2');
2020-06-29 18:17:17.9227|INFO|Microsoft.EntityFrameworkCore.Migrations|Applying migration '20200305174452_BookInfoDBAddNotesFieldToQuotation'.
2020-06-29 18:17:17.9417|INFO|Microsoft.EntityFrameworkCore.Database.Command|Executed DbCommand (2ms) [Parameters=[], CommandType='Text', CommandTimeout='30']
ALTER TABLE [Quotations] ADD [Notes] nvarchar(1024) NULL;
2020-06-29 18:17:17.9528|INFO|Microsoft.EntityFrameworkCore.Database.Command|Executed DbCommand (1ms) [Parameters=[], CommandType='Text', CommandTimeout='30']
INSERT INTO [__EFMigrationsHistory] ([MigrationId], [ProductVersion])
VALUES (N'20200305174452_BookInfoDBAddNotesFieldToQuotation', N'3.1.2');
2020-06-29 18:17:17.9665|INFO|Microsoft.EntityFrameworkCore.Migrations|Applying migration '20200306134955_SampleData'.
2020-06-29 18:17:18.0088|INFO|Microsoft.EntityFrameworkCore.Database.Command|Executed DbCommand (18ms) [Parameters=[], CommandType='Text', CommandTimeout='30']
IF EXISTS (SELECT * FROM [sys].[identity_columns] WHERE [name] IN (N'Id', N'Author', N'Description', N'Title', N'Genre') AND [object_id] = OBJECT_ID(N'[Books]'))
    SET IDENTITY_INSERT [Books] ON;
INSERT INTO [Books] ([Id], [Author], [Description], [Title], [Genre])
VALUES (1, N'Charles Dickens', N'', N'Great Expectations', N''),
(2, N'George Orwell', N'', N'Animal Farm', N''),
(3, N'Dashiell Hammett', N'', N'The Maltese Falcon', N''),
(4, N'E M Forster', N'', N'A Room with a View', N''),
(5, N'Harper Lee', N'', N'To Kill a Mockingbird', N''),
(6, N'George Orwell', N'', N'1984', N'Dystopian Fiction'),
(7, N'Charles Dickens', N'', N'A Christmas Carol', N'Novel'),
(8, N'Oscar Wilde', N'', N'The Picture of Dorian Gray', N'Novel'),
(9, N'Ray Bradbury', N'', N'Fahrenheit 451', N'Dystopian Fiction'),
(10, N'Jack London', N'', N'The Call of the Wild', N'Adventure Fiction'),
(11, N'Agatha Christie', N'', N'Murder on the Orient Express', N'Crime Fiction');
IF EXISTS (SELECT * FROM [sys].[identity_columns] WHERE [name] IN (N'Id', N'Author', N'Description', N'Title', N'Genre') AND [object_id] = OBJECT_ID(N'[Books]'))
    SET IDENTITY_INSERT [Books] OFF;
2020-06-29 18:17:18.0268|INFO|Microsoft.EntityFrameworkCore.Database.Command|Executed DbCommand (8ms) [Parameters=[], CommandType='Text', CommandTimeout='30']
IF EXISTS (SELECT * FROM [sys].[identity_columns] WHERE [name] IN (N'Id', N'BookId', N'Notes', N'Quote') AND [object_id] = OBJECT_ID(N'[Quotations]'))
    SET IDENTITY_INSERT [Quotations] ON;
INSERT INTO [Quotations] ([Id], [BookId], [Notes], [Quote])
VALUES (1, 1, N'', N'You are in every line I have ever read.'),
(2, 1, N'', N'Spring is the time of year when it is summer in the sun and winter in the shade.'),
(3, 2, N'', N'All animals are equal, but some animals are more equal than others.'),
(4, 2, N'', N'Four legs good, two legs bad.'),
(5, 2, N'', N'This work was strictly voluntary, but any animal who absented himself from it would have his rations reduced by half.'),
(6, 3, N'', N' I wanted it, and I''m not a man that''s easily discouraged when he wants something.'),
(7, 3, N'', N'You know how to do things ... you''ll land on your feet in the end.'),
(8, 3, N'', N'The cheaper the crook, the gaudier the patter.'),
(9, 4, N'', N'Life is easy to chronicle, but bewildering to practice.'),
(10, 4, N'', N'Of course he despised the world as a whole; every thoughtful man should; it is almost a test of refinement.'),
(11, 4, N'', N'The world is certainly full of beautiful things, if only I could come across them.'),
(12, 5, N'', N'You never really understand a person until you consider things from his point of view... Until you climb inside of his skin and walk around in it.'),
(13, 5, N'', N'People generally see what they look for, and hear what they listen for.'),
(14, 5, N'', N'Lawyers, I suppose were once children, too.');
IF EXISTS (SELECT * FROM [sys].[identity_columns] WHERE [name] IN (N'Id', N'BookId', N'Notes', N'Quote') AND [object_id] = OBJECT_ID(N'[Quotations]'))
    SET IDENTITY_INSERT [Quotations] OFF;
2020-06-29 18:17:18.0268|INFO|Microsoft.EntityFrameworkCore.Database.Command|Executed DbCommand (1ms) [Parameters=[], CommandType='Text', CommandTimeout='30']
INSERT INTO [__EFMigrationsHistory] ([MigrationId], [ProductVersion])
VALUES (N'20200306134955_SampleData', N'3.1.2');
2020-06-29 18:17:18.0509|INFO|Microsoft.EntityFrameworkCore.Migrations|Applying migration '20200623160411_SampleData2'.
2020-06-29 18:17:18.0721|INFO|Microsoft.EntityFrameworkCore.Database.Command|Executed DbCommand (2ms) [Parameters=[], CommandType='Text', CommandTimeout='30']
UPDATE [Books] SET [Genre] = N'Political Satire'
WHERE [Id] = 2;
SELECT @@ROWCOUNT;
2020-06-29 18:17:18.0721|INFO|Microsoft.EntityFrameworkCore.Database.Command|Executed DbCommand (1ms) [Parameters=[], CommandType='Text', CommandTimeout='30']
UPDATE [Books] SET [Genre] = N'Crime Fiction'
WHERE [Id] = 3;
SELECT @@ROWCOUNT;
2020-06-29 18:17:18.0934|INFO|Microsoft.EntityFrameworkCore.Database.Command|Executed DbCommand (1ms) [Parameters=[], CommandType='Text', CommandTimeout='30']
UPDATE [Books] SET [Genre] = N'Novel'
WHERE [Id] = 4;
SELECT @@ROWCOUNT;
2020-06-29 18:17:18.1042|INFO|Microsoft.EntityFrameworkCore.Database.Command|Executed DbCommand (1ms) [Parameters=[], CommandType='Text', CommandTimeout='30']
UPDATE [Books] SET [Genre] = N'Bildungsroman'
WHERE [Id] = 5;
SELECT @@ROWCOUNT;
2020-06-29 18:17:18.1042|INFO|Microsoft.EntityFrameworkCore.Database.Command|Executed DbCommand (1ms) [Parameters=[], CommandType='Text', CommandTimeout='30']
UPDATE [Books] SET [Genre] = N'Novel'
WHERE [Id] = 1;
SELECT @@ROWCOUNT;
2020-06-29 18:17:18.1261|INFO|Microsoft.EntityFrameworkCore.Database.Command|Executed DbCommand (1ms) [Parameters=[], CommandType='Text', CommandTimeout='30']
INSERT INTO [__EFMigrationsHistory] ([MigrationId], [ProductVersion])
VALUES (N'20200623160411_SampleData2', N'3.1.2');
2020-06-29 18:17:18.1418|INFO|Books.API.Program|Running host...
2020-06-29 18:17:18.2744|INFO|Microsoft.Hosting.Lifetime|Now listening on: http://localhost:51004
2020-06-29 18:17:18.2840|INFO|Microsoft.Hosting.Lifetime|Application started. Press Ctrl+C to shut down.
2020-06-29 18:17:18.2915|INFO|Microsoft.Hosting.Lifetime|Hosting environment: Development
2020-06-29 18:17:18.2915|INFO|Microsoft.Hosting.Lifetime|Content root path: C:\Users\Dev\source\repos\PS\Books\Books.API
2020-06-29 18:23:55.1804|INFO|Microsoft.AspNetCore.Hosting.Diagnostics|Request starting HTTP/1.1 POST http://localhost:51004/api/books/9/quotations application/json 198
2020-06-29 18:23:55.2206|WARN|Microsoft.AspNetCore.HttpsPolicy.HttpsRedirectionMiddleware|Failed to determine the https port for redirect.
2020-06-29 18:23:55.2322|INFO|Microsoft.AspNetCore.Hosting.Diagnostics|Request finished in 52.8042ms 404 
2020-06-29 18:24:57.4711|INFO|Microsoft.AspNetCore.Hosting.Diagnostics|Request starting HTTP/1.1 POST http://localhost:51004/api/books/9/quotes application/json 198
2020-06-29 18:24:57.4884|INFO|Microsoft.AspNetCore.Routing.EndpointMiddleware|Executing endpoint 'Books.API.Controllers.QuotesController.CreateQuote (Books.API)'
2020-06-29 18:24:57.5187|INFO|Microsoft.AspNetCore.Mvc.Infrastructure.ControllerActionInvoker|Route matched with {action = "CreateQuote", controller = "Quotes"}. Executing controller action with signature Microsoft.AspNetCore.Mvc.IActionResult CreateQuote(Int32, Books.API.Models.QuoteForCreationDto) on controller Books.API.Controllers.QuotesController (Books.API).
2020-06-29 18:24:57.7436|INFO|Microsoft.AspNetCore.Mvc.Infrastructure.ControllerActionInvoker|Executing action method Books.API.Controllers.QuotesController.CreateQuote (Books.API) - Validation state: Valid
2020-06-29 18:24:57.7670|INFO|Microsoft.EntityFrameworkCore.Infrastructure|Entity Framework Core 3.1.2 initialized 'BookInfoContext' using provider 'Microsoft.EntityFrameworkCore.SqlServer' with options: None
2020-06-29 18:24:57.9346|INFO|Microsoft.EntityFrameworkCore.Database.Command|Executed DbCommand (26ms) [Parameters=[@__bookId_0='?' (DbType = Int32)], CommandType='Text', CommandTimeout='30']
SELECT CASE
    WHEN EXISTS (
        SELECT 1
        FROM [Books] AS [b]
        WHERE [b].[Id] = @__bookId_0) THEN CAST(1 AS bit)
    ELSE CAST(0 AS bit)
END
2020-06-29 18:24:57.9988|INFO|Microsoft.EntityFrameworkCore.Database.Command|Executed DbCommand (4ms) [Parameters=[@__bookId_0='?' (DbType = Int32)], CommandType='Text', CommandTimeout='30']
SELECT [t].[Id], [t].[Author], [t].[Description], [t].[Genre], [t].[Title], [q].[Id], [q].[BookId], [q].[Notes], [q].[Quote]
FROM (
    SELECT TOP(1) [b].[Id], [b].[Author], [b].[Description], [b].[Genre], [b].[Title]
    FROM [Books] AS [b]
    WHERE [b].[Id] = @__bookId_0
) AS [t]
LEFT JOIN [Quotations] AS [q] ON [t].[Id] = [q].[BookId]
ORDER BY [t].[Id], [q].[Id]
2020-06-29 18:24:58.0407|INFO|Microsoft.EntityFrameworkCore.Database.Command|Executed DbCommand (2ms) [Parameters=[@__bookId_0='?' (DbType = Int32)], CommandType='Text', CommandTimeout='30']
SELECT TOP(1) [b].[Id], [b].[Author], [b].[Description], [b].[Genre], [b].[Title]
FROM [Books] AS [b]
WHERE [b].[Id] = @__bookId_0
2020-06-29 18:24:58.1221|INFO|Microsoft.EntityFrameworkCore.Database.Command|Executed DbCommand (3ms) [Parameters=[@p0='?' (DbType = Int32), @p1='?' (Size = 1024), @p2='?' (Size = 1024)], CommandType='Text', CommandTimeout='30']
SET NOCOUNT ON;
INSERT INTO [Quotations] ([BookId], [Notes], [Quote])
VALUES (@p0, @p1, @p2);
SELECT [Id]
FROM [Quotations]
WHERE @@ROWCOUNT = 1 AND [Id] = scope_identity();
2020-06-29 18:24:58.1612|INFO|Microsoft.AspNetCore.Mvc.Infrastructure.ControllerActionInvoker|Executed action method Books.API.Controllers.QuotesController.CreateQuote (Books.API), returned result Microsoft.AspNetCore.Mvc.CreatedAtRouteResult in 406.6735ms.
2020-06-29 18:24:58.1816|INFO|Microsoft.AspNetCore.Mvc.Infrastructure.ObjectResultExecutor|Executing ObjectResult, writing value of type 'Books.API.Models.QuoteDto'.
2020-06-29 18:24:58.2359|INFO|Microsoft.AspNetCore.Mvc.Infrastructure.ControllerActionInvoker|Executed action Books.API.Controllers.QuotesController.CreateQuote (Books.API) in 702.0355ms
2020-06-29 18:24:58.2460|INFO|Microsoft.AspNetCore.Routing.EndpointMiddleware|Executed endpoint 'Books.API.Controllers.QuotesController.CreateQuote (Books.API)'
2020-06-29 18:24:58.2460|INFO|Microsoft.AspNetCore.Hosting.Diagnostics|Request finished in 786.7382ms 201 application/json; charset=utf-8
2020-06-29 18:30:15.1037|INFO|Microsoft.AspNetCore.Hosting.Diagnostics|Request starting HTTP/1.1 GET http://localhost:51004/api/books/9/quotes/15  
2020-06-29 18:30:15.1037|INFO|Microsoft.AspNetCore.Routing.EndpointMiddleware|Executing endpoint 'Books.API.Controllers.QuotesController.GetQuoteForBook (Books.API)'
2020-06-29 18:30:15.1287|INFO|Microsoft.AspNetCore.Mvc.Infrastructure.ControllerActionInvoker|Route matched with {action = "GetQuoteForBook", controller = "Quotes"}. Executing controller action with signature Microsoft.AspNetCore.Mvc.IActionResult GetQuoteForBook(Int32, Int32) on controller Books.API.Controllers.QuotesController (Books.API).
2020-06-29 18:30:15.1851|INFO|Microsoft.AspNetCore.Mvc.Infrastructure.ControllerActionInvoker|Executing action method Books.API.Controllers.QuotesController.GetQuoteForBook (Books.API) - Validation state: Valid
2020-06-29 18:30:15.2123|INFO|Microsoft.EntityFrameworkCore.Infrastructure|Entity Framework Core 3.1.2 initialized 'BookInfoContext' using provider 'Microsoft.EntityFrameworkCore.SqlServer' with options: None
2020-06-29 18:30:15.2591|INFO|Microsoft.EntityFrameworkCore.Database.Command|Executed DbCommand (5ms) [Parameters=[@__bookId_0='?' (DbType = Int32)], CommandType='Text', CommandTimeout='30']
SELECT CASE
    WHEN EXISTS (
        SELECT 1
        FROM [Books] AS [b]
        WHERE [b].[Id] = @__bookId_0) THEN CAST(1 AS bit)
    ELSE CAST(0 AS bit)
END
2020-06-29 18:30:15.2814|INFO|Microsoft.EntityFrameworkCore.Database.Command|Executed DbCommand (2ms) [Parameters=[@__bookId_0='?' (DbType = Int32), @__quoteId_1='?' (DbType = Int32)], CommandType='Text', CommandTimeout='30']
SELECT TOP(1) [q].[Id], [q].[BookId], [q].[Notes], [q].[Quote]
FROM [Quotations] AS [q]
WHERE ([q].[BookId] = @__bookId_0) AND ([q].[Id] = @__quoteId_1)
2020-06-29 18:30:15.2953|INFO|Microsoft.AspNetCore.Mvc.Infrastructure.ControllerActionInvoker|Executed action method Books.API.Controllers.QuotesController.GetQuoteForBook (Books.API), returned result Microsoft.AspNetCore.Mvc.OkObjectResult in 101.99ms.
2020-06-29 18:30:15.3146|INFO|Microsoft.AspNetCore.Mvc.Infrastructure.ObjectResultExecutor|Executing ObjectResult, writing value of type 'Books.API.Models.QuoteDto'.
2020-06-29 18:30:15.3256|INFO|Microsoft.AspNetCore.Mvc.Infrastructure.ControllerActionInvoker|Executed action Books.API.Controllers.QuotesController.GetQuoteForBook (Books.API) in 183.9065ms
2020-06-29 18:30:15.3384|INFO|Microsoft.AspNetCore.Routing.EndpointMiddleware|Executed endpoint 'Books.API.Controllers.QuotesController.GetQuoteForBook (Books.API)'
2020-06-29 18:30:15.3384|INFO|Microsoft.AspNetCore.Hosting.Diagnostics|Request finished in 245.019ms 200 application/json; charset=utf-8
2020-06-29 18:31:01.8178|INFO|Microsoft.AspNetCore.Hosting.Diagnostics|Request starting HTTP/1.1 GET http://localhost:51004/api/books/9/quotes/15 application/json 
2020-06-29 18:31:01.8357|INFO|Microsoft.AspNetCore.Routing.EndpointMiddleware|Executing endpoint 'Books.API.Controllers.QuotesController.GetQuoteForBook (Books.API)'
2020-06-29 18:31:01.8446|INFO|Microsoft.AspNetCore.Mvc.Infrastructure.ControllerActionInvoker|Route matched with {action = "GetQuoteForBook", controller = "Quotes"}. Executing controller action with signature Microsoft.AspNetCore.Mvc.IActionResult GetQuoteForBook(Int32, Int32) on controller Books.API.Controllers.QuotesController (Books.API).
2020-06-29 18:31:01.8778|INFO|Microsoft.AspNetCore.Mvc.Infrastructure.ControllerActionInvoker|Executing action method Books.API.Controllers.QuotesController.GetQuoteForBook (Books.API) - Validation state: Valid
2020-06-29 18:31:01.8871|INFO|Microsoft.EntityFrameworkCore.Infrastructure|Entity Framework Core 3.1.2 initialized 'BookInfoContext' using provider 'Microsoft.EntityFrameworkCore.SqlServer' with options: None
2020-06-29 18:31:01.9011|INFO|Microsoft.EntityFrameworkCore.Database.Command|Executed DbCommand (1ms) [Parameters=[@__bookId_0='?' (DbType = Int32)], CommandType='Text', CommandTimeout='30']
SELECT CASE
    WHEN EXISTS (
        SELECT 1
        FROM [Books] AS [b]
        WHERE [b].[Id] = @__bookId_0) THEN CAST(1 AS bit)
    ELSE CAST(0 AS bit)
END
2020-06-29 18:31:01.9170|INFO|Microsoft.EntityFrameworkCore.Database.Command|Executed DbCommand (1ms) [Parameters=[@__bookId_0='?' (DbType = Int32), @__quoteId_1='?' (DbType = Int32)], CommandType='Text', CommandTimeout='30']
SELECT TOP(1) [q].[Id], [q].[BookId], [q].[Notes], [q].[Quote]
FROM [Quotations] AS [q]
WHERE ([q].[BookId] = @__bookId_0) AND ([q].[Id] = @__quoteId_1)
2020-06-29 18:31:01.9170|INFO|Microsoft.AspNetCore.Mvc.Infrastructure.ControllerActionInvoker|Executed action method Books.API.Controllers.QuotesController.GetQuoteForBook (Books.API), returned result Microsoft.AspNetCore.Mvc.OkObjectResult in 42.1261ms.
2020-06-29 18:31:01.9461|INFO|Microsoft.AspNetCore.Mvc.Infrastructure.ObjectResultExecutor|Executing ObjectResult, writing value of type 'Books.API.Models.QuoteDto'.
2020-06-29 18:31:01.9594|INFO|Microsoft.AspNetCore.Mvc.Infrastructure.ControllerActionInvoker|Executed action Books.API.Controllers.QuotesController.GetQuoteForBook (Books.API) in 100.9518ms
2020-06-29 18:31:01.9676|INFO|Microsoft.AspNetCore.Routing.EndpointMiddleware|Executed endpoint 'Books.API.Controllers.QuotesController.GetQuoteForBook (Books.API)'
2020-06-29 18:31:01.9777|INFO|Microsoft.AspNetCore.Hosting.Diagnostics|Request finished in 180.6607ms 200 application/json; charset=utf-8
2020-06-29 18:33:34.3367|INFO|Microsoft.AspNetCore.Hosting.Diagnostics|Request starting HTTP/1.1 POST http://localhost:51004/api/books/999/quotes application/json 198
2020-06-29 18:33:34.3521|INFO|Microsoft.AspNetCore.Routing.EndpointMiddleware|Executing endpoint 'Books.API.Controllers.QuotesController.CreateQuote (Books.API)'
2020-06-29 18:33:34.3637|INFO|Microsoft.AspNetCore.Mvc.Infrastructure.ControllerActionInvoker|Route matched with {action = "CreateQuote", controller = "Quotes"}. Executing controller action with signature Microsoft.AspNetCore.Mvc.IActionResult CreateQuote(Int32, Books.API.Models.QuoteForCreationDto) on controller Books.API.Controllers.QuotesController (Books.API).
2020-06-29 18:33:34.4049|INFO|Microsoft.AspNetCore.Mvc.Infrastructure.ControllerActionInvoker|Executing action method Books.API.Controllers.QuotesController.CreateQuote (Books.API) - Validation state: Valid
2020-06-29 18:33:34.4049|INFO|Microsoft.EntityFrameworkCore.Infrastructure|Entity Framework Core 3.1.2 initialized 'BookInfoContext' using provider 'Microsoft.EntityFrameworkCore.SqlServer' with options: None
2020-06-29 18:33:34.4285|INFO|Microsoft.EntityFrameworkCore.Database.Command|Executed DbCommand (1ms) [Parameters=[@__bookId_0='?' (DbType = Int32)], CommandType='Text', CommandTimeout='30']
SELECT CASE
    WHEN EXISTS (
        SELECT 1
        FROM [Books] AS [b]
        WHERE [b].[Id] = @__bookId_0) THEN CAST(1 AS bit)
    ELSE CAST(0 AS bit)
END
2020-06-29 18:33:34.4394|INFO|Microsoft.AspNetCore.Mvc.Infrastructure.ControllerActionInvoker|Executed action method Books.API.Controllers.QuotesController.CreateQuote (Books.API), returned result Microsoft.AspNetCore.Mvc.NotFoundResult in 25.6733ms.
2020-06-29 18:33:34.4610|INFO|Microsoft.AspNetCore.Mvc.Infrastructure.ObjectResultExecutor|Executing ObjectResult, writing value of type 'Microsoft.AspNetCore.Mvc.ProblemDetails'.
2020-06-29 18:33:34.4806|INFO|Microsoft.AspNetCore.Mvc.Infrastructure.ControllerActionInvoker|Executed action Books.API.Controllers.QuotesController.CreateQuote (Books.API) in 102.911ms
2020-06-29 18:33:34.4806|INFO|Microsoft.AspNetCore.Routing.EndpointMiddleware|Executed endpoint 'Books.API.Controllers.QuotesController.CreateQuote (Books.API)'
2020-06-29 18:33:34.4990|INFO|Microsoft.AspNetCore.Hosting.Diagnostics|Request finished in 162.3678ms 404 application/problem+json; charset=utf-8
2020-06-29 18:33:44.4727|INFO|Microsoft.AspNetCore.Hosting.Diagnostics|Request starting HTTP/1.1 POST http://localhost:51004/api/books/2020/quotes application/json 198
2020-06-29 18:33:44.4863|INFO|Microsoft.AspNetCore.Routing.EndpointMiddleware|Executing endpoint 'Books.API.Controllers.QuotesController.CreateQuote (Books.API)'
2020-06-29 18:33:44.4948|INFO|Microsoft.AspNetCore.Mvc.Infrastructure.ControllerActionInvoker|Route matched with {action = "CreateQuote", controller = "Quotes"}. Executing controller action with signature Microsoft.AspNetCore.Mvc.IActionResult CreateQuote(Int32, Books.API.Models.QuoteForCreationDto) on controller Books.API.Controllers.QuotesController (Books.API).
2020-06-29 18:33:44.5345|INFO|Microsoft.AspNetCore.Mvc.Infrastructure.ControllerActionInvoker|Executing action method Books.API.Controllers.QuotesController.CreateQuote (Books.API) - Validation state: Valid
2020-06-29 18:33:44.5443|INFO|Microsoft.EntityFrameworkCore.Infrastructure|Entity Framework Core 3.1.2 initialized 'BookInfoContext' using provider 'Microsoft.EntityFrameworkCore.SqlServer' with options: None
2020-06-29 18:33:44.5591|INFO|Microsoft.EntityFrameworkCore.Database.Command|Executed DbCommand (2ms) [Parameters=[@__bookId_0='?' (DbType = Int32)], CommandType='Text', CommandTimeout='30']
SELECT CASE
    WHEN EXISTS (
        SELECT 1
        FROM [Books] AS [b]
        WHERE [b].[Id] = @__bookId_0) THEN CAST(1 AS bit)
    ELSE CAST(0 AS bit)
END
2020-06-29 18:33:44.5591|INFO|Microsoft.AspNetCore.Mvc.Infrastructure.ControllerActionInvoker|Executed action method Books.API.Controllers.QuotesController.CreateQuote (Books.API), returned result Microsoft.AspNetCore.Mvc.NotFoundResult in 27.0466ms.
2020-06-29 18:33:44.5907|INFO|Microsoft.AspNetCore.Mvc.Infrastructure.ObjectResultExecutor|Executing ObjectResult, writing value of type 'Microsoft.AspNetCore.Mvc.ProblemDetails'.
2020-06-29 18:33:44.6025|INFO|Microsoft.AspNetCore.Mvc.Infrastructure.ControllerActionInvoker|Executed action Books.API.Controllers.QuotesController.CreateQuote (Books.API) in 93.8352ms
2020-06-29 18:33:44.6025|INFO|Microsoft.AspNetCore.Routing.EndpointMiddleware|Executed endpoint 'Books.API.Controllers.QuotesController.CreateQuote (Books.API)'
2020-06-29 18:33:44.6213|INFO|Microsoft.AspNetCore.Hosting.Diagnostics|Request finished in 148.7842ms 404 application/problem+json; charset=utf-8
