2020-06-23 12:07:47.2718|INFO|Books.API.Program|Initializing application...
2020-06-23 12:08:00.2727|INFO|Microsoft.Hosting.Lifetime|Now listening on: http://localhost:51004
2020-06-23 12:08:00.2805|INFO|Microsoft.Hosting.Lifetime|Application started. Press Ctrl+C to shut down.
2020-06-23 12:08:00.2805|INFO|Microsoft.Hosting.Lifetime|Hosting environment: Development
2020-06-23 12:08:00.2805|INFO|Microsoft.Hosting.Lifetime|Content root path: C:\Users\Dev\source\repos\PS\Books\Books.API
2020-06-23 12:08:00.4290|WARN|Microsoft.AspNetCore.HttpsPolicy.HttpsRedirectionMiddleware|Failed to determine the https port for redirect.
2020-06-23 12:08:00.7169|WARN|Microsoft.AspNetCore.Mvc.Infrastructure.ObjectResultExecutor|No output formatter was found for content types 'application/ecmascript' to write the response.
2020-06-23 12:09:12.4603|INFO|Books.API.Program|Initializing application...
2020-06-23 12:09:24.5665|INFO|Microsoft.Hosting.Lifetime|Now listening on: http://localhost:51004
2020-06-23 12:09:24.5737|INFO|Microsoft.Hosting.Lifetime|Application started. Press Ctrl+C to shut down.
2020-06-23 12:09:24.5737|INFO|Microsoft.Hosting.Lifetime|Hosting environment: Development
2020-06-23 12:09:24.5737|INFO|Microsoft.Hosting.Lifetime|Content root path: C:\Users\Dev\source\repos\PS\Books\Books.API
2020-06-23 12:09:30.9516|WARN|Microsoft.AspNetCore.HttpsPolicy.HttpsRedirectionMiddleware|Failed to determine the https port for redirect.
2020-06-23 12:09:31.2323|WARN|Microsoft.AspNetCore.Mvc.Infrastructure.ObjectResultExecutor|No output formatter was found for content types 'application/ecmascript' to write the response.
2020-06-23 12:10:05.4523|INFO|Books.API.Program|Initializing application...
2020-06-23 12:10:17.1872|INFO|Microsoft.Hosting.Lifetime|Now listening on: http://localhost:51004
2020-06-23 12:10:17.1872|INFO|Microsoft.Hosting.Lifetime|Application started. Press Ctrl+C to shut down.
2020-06-23 12:10:17.1995|INFO|Microsoft.Hosting.Lifetime|Hosting environment: Development
2020-06-23 12:10:17.1995|INFO|Microsoft.Hosting.Lifetime|Content root path: C:\Users\Dev\source\repos\PS\Books\Books.API
2020-06-23 12:10:24.2104|INFO|Books.API.Program|Initializing application...
2020-06-23 12:10:35.9324|INFO|Microsoft.Hosting.Lifetime|Now listening on: http://localhost:51004
2020-06-23 12:10:35.9324|INFO|Microsoft.Hosting.Lifetime|Application started. Press Ctrl+C to shut down.
2020-06-23 12:10:35.9324|INFO|Microsoft.Hosting.Lifetime|Hosting environment: Development
2020-06-23 12:10:35.9486|INFO|Microsoft.Hosting.Lifetime|Content root path: C:\Users\Dev\source\repos\PS\Books\Books.API
2020-06-23 12:10:36.2919|WARN|Microsoft.AspNetCore.HttpsPolicy.HttpsRedirectionMiddleware|Failed to determine the https port for redirect.
2020-06-23 12:20:49.3719|INFO|Books.API.Program|Initializing application...
2020-06-23 12:25:16.4785|INFO|Books.API.Program|Initializing application...
2020-06-23 12:25:28.2126|INFO|Microsoft.Hosting.Lifetime|Now listening on: http://localhost:51004
2020-06-23 12:25:28.2126|INFO|Microsoft.Hosting.Lifetime|Application started. Press Ctrl+C to shut down.
2020-06-23 12:25:28.2126|INFO|Microsoft.Hosting.Lifetime|Hosting environment: Development
2020-06-23 12:25:28.2307|INFO|Microsoft.Hosting.Lifetime|Content root path: C:\Users\Dev\source\repos\PS\Books\Books.API
2020-06-23 12:26:14.7810|INFO|Books.API.Program|Initializing application...
2020-06-23 12:26:26.5843|INFO|Microsoft.Hosting.Lifetime|Now listening on: http://localhost:51004
2020-06-23 12:26:26.5929|INFO|Microsoft.Hosting.Lifetime|Application started. Press Ctrl+C to shut down.
2020-06-23 12:26:26.5929|INFO|Microsoft.Hosting.Lifetime|Hosting environment: Development
2020-06-23 12:26:26.6042|INFO|Microsoft.Hosting.Lifetime|Content root path: C:\Users\Dev\source\repos\PS\Books\Books.API
2020-06-23 12:26:53.7193|INFO|Books.API.Program|Initializing application...
2020-06-23 12:27:05.5123|INFO|Microsoft.Hosting.Lifetime|Now listening on: http://localhost:51004
2020-06-23 12:27:05.5123|INFO|Microsoft.Hosting.Lifetime|Application started. Press Ctrl+C to shut down.
2020-06-23 12:27:05.5264|INFO|Microsoft.Hosting.Lifetime|Hosting environment: Development
2020-06-23 12:27:05.5264|INFO|Microsoft.Hosting.Lifetime|Content root path: C:\Users\Dev\source\repos\PS\Books\Books.API
2020-06-23 12:27:12.8263|WARN|Microsoft.AspNetCore.HttpsPolicy.HttpsRedirectionMiddleware|Failed to determine the https port for redirect.
2020-06-23 14:45:01.9254|INFO|Books.API.Program|Initializing application...
2020-06-23 14:45:14.8261|INFO|Microsoft.Hosting.Lifetime|Now listening on: http://localhost:51004
2020-06-23 14:45:14.8261|INFO|Microsoft.Hosting.Lifetime|Application started. Press Ctrl+C to shut down.
2020-06-23 14:45:14.8400|INFO|Microsoft.Hosting.Lifetime|Hosting environment: Development
2020-06-23 14:45:14.8400|INFO|Microsoft.Hosting.Lifetime|Content root path: C:\Users\Dev\source\repos\PS\Books\Books.API
2020-06-23 14:45:15.0357|WARN|Microsoft.AspNetCore.HttpsPolicy.HttpsRedirectionMiddleware|Failed to determine the https port for redirect.
2020-06-23 14:45:27.1045|ERROR|Microsoft.AspNetCore.Diagnostics.DeveloperExceptionPageMiddleware|An unhandled exception has occurred while executing the request.
2020-06-23 14:45:56.2665|INFO|Books.API.Program|Initializing application...
2020-06-23 14:45:56.9376|ERROR|Books.API.Program|Exception occurred whilst migrating the database.
2020-06-23 14:45:57.0654|INFO|Microsoft.Hosting.Lifetime|Now listening on: http://localhost:51004
2020-06-23 14:45:57.0744|INFO|Microsoft.Hosting.Lifetime|Application started. Press Ctrl+C to shut down.
2020-06-23 14:45:57.0744|INFO|Microsoft.Hosting.Lifetime|Hosting environment: Production
2020-06-23 14:45:57.0744|INFO|Microsoft.Hosting.Lifetime|Content root path: C:\Users\Dev\source\repos\PS\Books\Books.API
2020-06-23 14:46:00.1224|WARN|Microsoft.AspNetCore.HttpsPolicy.HttpsRedirectionMiddleware|Failed to determine the https port for redirect.
2020-06-23 14:46:02.8355|ERROR|Microsoft.AspNetCore.Diagnostics.ExceptionHandlerMiddleware|An unhandled exception has occurred while executing the request.
2020-06-23 14:46:56.0037|INFO|Books.API.Program|Initializing application...
2020-06-23 14:46:56.6897|ERROR|Books.API.Program|Exception occurred whilst migrating the database.
2020-06-23 14:46:56.7981|INFO|Microsoft.Hosting.Lifetime|Now listening on: http://localhost:51004
2020-06-23 14:46:56.8060|INFO|Microsoft.Hosting.Lifetime|Application started. Press Ctrl+C to shut down.
2020-06-23 14:46:56.8060|INFO|Microsoft.Hosting.Lifetime|Hosting environment: Production
2020-06-23 14:46:56.8060|INFO|Microsoft.Hosting.Lifetime|Content root path: C:\Users\Dev\source\repos\PS\Books\Books.API
2020-06-23 14:47:02.8368|WARN|Microsoft.AspNetCore.HttpsPolicy.HttpsRedirectionMiddleware|Failed to determine the https port for redirect.
2020-06-23 14:47:10.0784|ERROR|Microsoft.AspNetCore.Server.Kestrel|Connection id "0HM0NFFKDLBMR", Request id "0HM0NFFKDLBMR:00000001": An unhandled exception was thrown by the application.
2020-06-23 14:51:29.5115|INFO|Books.API.Program|Initializing application...
2020-06-23 14:51:30.1839|ERROR|Books.API.Program|Exception occurred whilst migrating the database.
2020-06-23 14:51:30.2890|INFO|Microsoft.Hosting.Lifetime|Now listening on: http://localhost:51004
2020-06-23 14:51:30.2971|INFO|Microsoft.Hosting.Lifetime|Application started. Press Ctrl+C to shut down.
2020-06-23 14:51:30.2971|INFO|Microsoft.Hosting.Lifetime|Hosting environment: Production
2020-06-23 14:51:30.3077|INFO|Microsoft.Hosting.Lifetime|Content root path: C:\Users\Dev\source\repos\PS\Books\Books.API
2020-06-23 14:51:34.5942|WARN|Microsoft.AspNetCore.HttpsPolicy.HttpsRedirectionMiddleware|Failed to determine the https port for redirect.
2020-06-23 14:51:44.0067|ERROR|Microsoft.AspNetCore.Diagnostics.ExceptionHandlerMiddleware|An unhandled exception has occurred while executing the request.
2020-06-23 15:21:38.5078|INFO|Books.API.Program|Initializing application...
2020-06-23 15:21:50.8456|INFO|Microsoft.Hosting.Lifetime|Now listening on: http://localhost:51004
2020-06-23 15:21:50.8543|INFO|Microsoft.Hosting.Lifetime|Application started. Press Ctrl+C to shut down.
2020-06-23 15:21:50.8543|INFO|Microsoft.Hosting.Lifetime|Hosting environment: Development
2020-06-23 15:21:50.8543|INFO|Microsoft.Hosting.Lifetime|Content root path: C:\Users\Dev\source\repos\PS\Books\Books.API
2020-06-23 15:21:51.0602|WARN|Microsoft.AspNetCore.HttpsPolicy.HttpsRedirectionMiddleware|Failed to determine the https port for redirect.
2020-06-23 15:23:04.1188|INFO|Books.API.Program|Initializing application...
2020-06-23 15:23:15.9167|INFO|Microsoft.Hosting.Lifetime|Now listening on: http://localhost:51004
2020-06-23 15:23:15.9167|INFO|Microsoft.Hosting.Lifetime|Application started. Press Ctrl+C to shut down.
2020-06-23 15:23:15.9167|INFO|Microsoft.Hosting.Lifetime|Hosting environment: Development
2020-06-23 15:23:15.9361|INFO|Microsoft.Hosting.Lifetime|Content root path: C:\Users\Dev\source\repos\PS\Books\Books.API
2020-06-23 15:23:16.1644|WARN|Microsoft.AspNetCore.HttpsPolicy.HttpsRedirectionMiddleware|Failed to determine the https port for redirect.
2020-06-23 16:36:48.8141|INFO|Books.API.Program|Initializing application...
2020-06-23 16:38:27.3935|INFO|Books.API.Program|Initializing application...
2020-06-23 16:38:39.1452|INFO|Microsoft.Hosting.Lifetime|Now listening on: http://localhost:51004
2020-06-23 16:38:39.1538|INFO|Microsoft.Hosting.Lifetime|Application started. Press Ctrl+C to shut down.
2020-06-23 16:38:39.1538|INFO|Microsoft.Hosting.Lifetime|Hosting environment: Development
2020-06-23 16:38:39.1884|INFO|Microsoft.Hosting.Lifetime|Content root path: C:\Users\Dev\source\repos\PS\Books\Books.API
2020-06-23 16:49:37.5421|INFO|Books.API.Program|Initializing application...
2020-06-23 16:49:49.8621|ERROR|Microsoft.EntityFrameworkCore.Database.Command|Failed executing DbCommand (14ms) [Parameters=[], CommandType='Text', CommandTimeout='30']
IF EXISTS (SELECT * FROM [sys].[identity_columns] WHERE [name] IN (N'Id', N'Author', N'Description', N'Title', N'Genre') AND [object_id] = OBJECT_ID(N'[Books]'))
    SET IDENTITY_INSERT [Books] ON;
INSERT INTO [Books] ([Id], [Author], [Description], [Title], [Genre])
VALUES (1, N'Charles Dickens', N'', N'Great Expectations', N'Novel'),
(2, N'George Orwell', N'', N'Animal Farm', N'Political Satire'),
(3, N'Dashiell Hammett', N'', N'The Maltese Falcon', N'Crime Fiction'),
(4, N'E M Forster', N'', N'A Room with a View', N'Novel'),
(5, N'Harper Lee', N'', N'To Kill a Mockingbird', N'Bildungsroman');
IF EXISTS (SELECT * FROM [sys].[identity_columns] WHERE [name] IN (N'Id', N'Author', N'Description', N'Title', N'Genre') AND [object_id] = OBJECT_ID(N'[Books]'))
    SET IDENTITY_INSERT [Books] OFF;
2020-06-23 16:49:49.8844|ERROR|Books.API.Program|Exception occurred whilst migrating the database.
2020-06-23 16:49:49.9826|INFO|Microsoft.Hosting.Lifetime|Now listening on: http://localhost:51004
2020-06-23 16:49:49.9826|INFO|Microsoft.Hosting.Lifetime|Application started. Press Ctrl+C to shut down.
2020-06-23 16:49:49.9963|INFO|Microsoft.Hosting.Lifetime|Hosting environment: Development
2020-06-23 16:49:49.9963|INFO|Microsoft.Hosting.Lifetime|Content root path: C:\Users\Dev\source\repos\PS\Books\Books.API
2020-06-23 16:49:51.3688|WARN|Microsoft.AspNetCore.HttpsPolicy.HttpsRedirectionMiddleware|Failed to determine the https port for redirect.
2020-06-23 16:49:51.6341|ERROR|Microsoft.EntityFrameworkCore.Database.Command|Failed executing DbCommand (2ms) [Parameters=[], CommandType='Text', CommandTimeout='30']
SELECT [b].[Id], [b].[Author], [b].[Description], [b].[Genre], [b].[Title]
FROM [Books] AS [b]
ORDER BY [b].[Title]
2020-06-23 16:49:51.6619|ERROR|Microsoft.EntityFrameworkCore.Query|An exception occurred while iterating over the results of a query for context type 'Books.API.Contexts.BookInfoContext'.
Microsoft.Data.SqlClient.SqlException (0x80131904): Invalid column name 'Genre'.
   at Microsoft.Data.SqlClient.SqlConnection.OnError(SqlException exception, Boolean breakConnection, Action`1 wrapCloseInAction)
   at Microsoft.Data.SqlClient.SqlInternalConnection.OnError(SqlException exception, Boolean breakConnection, Action`1 wrapCloseInAction)
   at Microsoft.Data.SqlClient.TdsParser.ThrowExceptionAndWarning(TdsParserStateObject stateObj, Boolean callerHasConnectionLock, Boolean asyncClose)
   at Microsoft.Data.SqlClient.TdsParser.TryRun(RunBehavior runBehavior, SqlCommand cmdHandler, SqlDataReader dataStream, BulkCopySimpleResultSet bulkCopyHandler, TdsParserStateObject stateObj, Boolean& dataReady)
   at Microsoft.Data.SqlClient.SqlDataReader.TryConsumeMetaData()
   at Microsoft.Data.SqlClient.SqlDataReader.get_MetaData()
   at Microsoft.Data.SqlClient.SqlCommand.FinishExecuteReader(SqlDataReader ds, RunBehavior runBehavior, String resetOptionsString, Boolean isInternal, Boolean forDescribeParameterEncryption, Boolean shouldCacheForAlwaysEncrypted)
   at Microsoft.Data.SqlClient.SqlCommand.RunExecuteReaderTds(CommandBehavior cmdBehavior, RunBehavior runBehavior, Boolean returnStream, Boolean isAsync, Int32 timeout, Task& task, Boolean asyncWrite, Boolean inRetry, SqlDataReader ds, Boolean describeParameterEncryptionRequest)
   at Microsoft.Data.SqlClient.SqlCommand.RunExecuteReader(CommandBehavior cmdBehavior, RunBehavior runBehavior, Boolean returnStream, TaskCompletionSource`1 completion, Int32 timeout, Task& task, Boolean& usedCache, Boolean asyncWrite, Boolean inRetry, String method)
   at Microsoft.Data.SqlClient.SqlCommand.RunExecuteReader(CommandBehavior cmdBehavior, RunBehavior runBehavior, Boolean returnStream, String method)
   at Microsoft.Data.SqlClient.SqlCommand.ExecuteReader(CommandBehavior behavior)
   at Microsoft.Data.SqlClient.SqlCommand.ExecuteDbDataReader(CommandBehavior behavior)
   at System.Data.Common.DbCommand.ExecuteReader()
   at Microsoft.EntityFrameworkCore.Storage.RelationalCommand.ExecuteReader(RelationalCommandParameterObject parameterObject)
   at Microsoft.EntityFrameworkCore.Query.Internal.QueryingEnumerable`1.Enumerator.InitializeReader(DbContext _, Boolean result)
   at Microsoft.EntityFrameworkCore.SqlServer.Storage.Internal.SqlServerExecutionStrategy.Execute[TState,TResult](TState state, Func`3 operation, Func`3 verifySucceeded)
   at Microsoft.EntityFrameworkCore.Query.Internal.QueryingEnumerable`1.Enumerator.MoveNext()
ClientConnectionId:a622ec8e-2d1b-471f-958f-d95bf970f6f0
Error Number:207,State:1,Class:16
2020-06-23 16:51:36.4458|INFO|Books.API.Program|Initializing application...
2020-06-23 16:51:48.4248|ERROR|Microsoft.EntityFrameworkCore.Database.Command|Failed executing DbCommand (10ms) [Parameters=[], CommandType='Text', CommandTimeout='30']
IF EXISTS (SELECT * FROM [sys].[identity_columns] WHERE [name] IN (N'Id', N'Author', N'Description', N'Title', N'Genre') AND [object_id] = OBJECT_ID(N'[Books]'))
    SET IDENTITY_INSERT [Books] ON;
INSERT INTO [Books] ([Id], [Author], [Description], [Title], [Genre])
VALUES (1, N'Charles Dickens', N'', N'Great Expectations', N'Novel'),
(2, N'George Orwell', N'', N'Animal Farm', N'Political Satire'),
(3, N'Dashiell Hammett', N'', N'The Maltese Falcon', N'Crime Fiction'),
(4, N'E M Forster', N'', N'A Room with a View', N'Novel'),
(5, N'Harper Lee', N'', N'To Kill a Mockingbird', N'Bildungsroman');
IF EXISTS (SELECT * FROM [sys].[identity_columns] WHERE [name] IN (N'Id', N'Author', N'Description', N'Title', N'Genre') AND [object_id] = OBJECT_ID(N'[Books]'))
    SET IDENTITY_INSERT [Books] OFF;
2020-06-23 16:51:48.4554|ERROR|Books.API.Program|Exception occurred whilst migrating the database.
2020-06-23 16:51:48.5961|INFO|Microsoft.Hosting.Lifetime|Now listening on: http://localhost:51004
2020-06-23 16:51:48.6108|INFO|Microsoft.Hosting.Lifetime|Application started. Press Ctrl+C to shut down.
2020-06-23 16:51:48.6245|INFO|Microsoft.Hosting.Lifetime|Hosting environment: Development
2020-06-23 16:51:48.6378|INFO|Microsoft.Hosting.Lifetime|Content root path: C:\Users\Dev\source\repos\PS\Books\Books.API
2020-06-23 16:51:49.0016|WARN|Microsoft.AspNetCore.HttpsPolicy.HttpsRedirectionMiddleware|Failed to determine the https port for redirect.
2020-06-23 16:51:49.2571|ERROR|Microsoft.EntityFrameworkCore.Database.Command|Failed executing DbCommand (1ms) [Parameters=[], CommandType='Text', CommandTimeout='30']
SELECT [b].[Id], [b].[Author], [b].[Description], [b].[Genre], [b].[Title]
FROM [Books] AS [b]
ORDER BY [b].[Title]
2020-06-23 16:51:49.2904|ERROR|Microsoft.EntityFrameworkCore.Query|An exception occurred while iterating over the results of a query for context type 'Books.API.Contexts.BookInfoContext'.
Microsoft.Data.SqlClient.SqlException (0x80131904): Invalid column name 'Genre'.
   at Microsoft.Data.SqlClient.SqlConnection.OnError(SqlException exception, Boolean breakConnection, Action`1 wrapCloseInAction)
   at Microsoft.Data.SqlClient.SqlInternalConnection.OnError(SqlException exception, Boolean breakConnection, Action`1 wrapCloseInAction)
   at Microsoft.Data.SqlClient.TdsParser.ThrowExceptionAndWarning(TdsParserStateObject stateObj, Boolean callerHasConnectionLock, Boolean asyncClose)
   at Microsoft.Data.SqlClient.TdsParser.TryRun(RunBehavior runBehavior, SqlCommand cmdHandler, SqlDataReader dataStream, BulkCopySimpleResultSet bulkCopyHandler, TdsParserStateObject stateObj, Boolean& dataReady)
   at Microsoft.Data.SqlClient.SqlDataReader.TryConsumeMetaData()
   at Microsoft.Data.SqlClient.SqlDataReader.get_MetaData()
   at Microsoft.Data.SqlClient.SqlCommand.FinishExecuteReader(SqlDataReader ds, RunBehavior runBehavior, String resetOptionsString, Boolean isInternal, Boolean forDescribeParameterEncryption, Boolean shouldCacheForAlwaysEncrypted)
   at Microsoft.Data.SqlClient.SqlCommand.RunExecuteReaderTds(CommandBehavior cmdBehavior, RunBehavior runBehavior, Boolean returnStream, Boolean isAsync, Int32 timeout, Task& task, Boolean asyncWrite, Boolean inRetry, SqlDataReader ds, Boolean describeParameterEncryptionRequest)
   at Microsoft.Data.SqlClient.SqlCommand.RunExecuteReader(CommandBehavior cmdBehavior, RunBehavior runBehavior, Boolean returnStream, TaskCompletionSource`1 completion, Int32 timeout, Task& task, Boolean& usedCache, Boolean asyncWrite, Boolean inRetry, String method)
   at Microsoft.Data.SqlClient.SqlCommand.RunExecuteReader(CommandBehavior cmdBehavior, RunBehavior runBehavior, Boolean returnStream, String method)
   at Microsoft.Data.SqlClient.SqlCommand.ExecuteReader(CommandBehavior behavior)
   at Microsoft.Data.SqlClient.SqlCommand.ExecuteDbDataReader(CommandBehavior behavior)
   at System.Data.Common.DbCommand.ExecuteReader()
   at Microsoft.EntityFrameworkCore.Storage.RelationalCommand.ExecuteReader(RelationalCommandParameterObject parameterObject)
   at Microsoft.EntityFrameworkCore.Query.Internal.QueryingEnumerable`1.Enumerator.InitializeReader(DbContext _, Boolean result)
   at Microsoft.EntityFrameworkCore.SqlServer.Storage.Internal.SqlServerExecutionStrategy.Execute[TState,TResult](TState state, Func`3 operation, Func`3 verifySucceeded)
   at Microsoft.EntityFrameworkCore.Query.Internal.QueryingEnumerable`1.Enumerator.MoveNext()
ClientConnectionId:6935bccd-f8c3-4aef-b99d-547b6c86f2e9
Error Number:207,State:1,Class:16
2020-06-23 16:55:21.0147|INFO|Books.API.Program|Initializing application...
2020-06-23 16:55:32.7183|ERROR|Microsoft.EntityFrameworkCore.Database.Command|Failed executing DbCommand (9ms) [Parameters=[], CommandType='Text', CommandTimeout='30']
IF EXISTS (SELECT * FROM [sys].[identity_columns] WHERE [name] IN (N'Id', N'Author', N'Description', N'Title', N'Genre') AND [object_id] = OBJECT_ID(N'[Books]'))
    SET IDENTITY_INSERT [Books] ON;
INSERT INTO [Books] ([Id], [Author], [Description], [Title], [Genre])
VALUES (1, N'Charles Dickens', N'', N'Great Expectations', N'Novel'),
(2, N'George Orwell', N'', N'Animal Farm', N'Political Satire'),
(3, N'Dashiell Hammett', N'', N'The Maltese Falcon', N'Crime Fiction'),
(4, N'E M Forster', N'', N'A Room with a View', N'Novel'),
(5, N'Harper Lee', N'', N'To Kill a Mockingbird', N'Bildungsroman');
IF EXISTS (SELECT * FROM [sys].[identity_columns] WHERE [name] IN (N'Id', N'Author', N'Description', N'Title', N'Genre') AND [object_id] = OBJECT_ID(N'[Books]'))
    SET IDENTITY_INSERT [Books] OFF;
2020-06-23 16:55:32.7477|ERROR|Books.API.Program|Exception occurred whilst migrating the database.
2020-06-23 16:55:32.8494|INFO|Microsoft.Hosting.Lifetime|Now listening on: http://localhost:51004
2020-06-23 16:55:32.8636|INFO|Microsoft.Hosting.Lifetime|Application started. Press Ctrl+C to shut down.
2020-06-23 16:55:32.8769|INFO|Microsoft.Hosting.Lifetime|Hosting environment: Development
2020-06-23 16:55:32.8899|INFO|Microsoft.Hosting.Lifetime|Content root path: C:\Users\Dev\source\repos\PS\Books\Books.API
2020-06-23 16:55:37.8225|WARN|Microsoft.AspNetCore.HttpsPolicy.HttpsRedirectionMiddleware|Failed to determine the https port for redirect.
2020-06-23 16:55:38.0843|ERROR|Microsoft.EntityFrameworkCore.Database.Command|Failed executing DbCommand (1ms) [Parameters=[], CommandType='Text', CommandTimeout='30']
SELECT [b].[Id], [b].[Author], [b].[Description], [b].[Genre], [b].[Title]
FROM [Books] AS [b]
ORDER BY [b].[Title]
2020-06-23 16:55:38.1167|ERROR|Microsoft.EntityFrameworkCore.Query|An exception occurred while iterating over the results of a query for context type 'Books.API.Contexts.BookInfoContext'.
Microsoft.Data.SqlClient.SqlException (0x80131904): Invalid column name 'Genre'.
   at Microsoft.Data.SqlClient.SqlConnection.OnError(SqlException exception, Boolean breakConnection, Action`1 wrapCloseInAction)
   at Microsoft.Data.SqlClient.SqlInternalConnection.OnError(SqlException exception, Boolean breakConnection, Action`1 wrapCloseInAction)
   at Microsoft.Data.SqlClient.TdsParser.ThrowExceptionAndWarning(TdsParserStateObject stateObj, Boolean callerHasConnectionLock, Boolean asyncClose)
   at Microsoft.Data.SqlClient.TdsParser.TryRun(RunBehavior runBehavior, SqlCommand cmdHandler, SqlDataReader dataStream, BulkCopySimpleResultSet bulkCopyHandler, TdsParserStateObject stateObj, Boolean& dataReady)
   at Microsoft.Data.SqlClient.SqlDataReader.TryConsumeMetaData()
   at Microsoft.Data.SqlClient.SqlDataReader.get_MetaData()
   at Microsoft.Data.SqlClient.SqlCommand.FinishExecuteReader(SqlDataReader ds, RunBehavior runBehavior, String resetOptionsString, Boolean isInternal, Boolean forDescribeParameterEncryption, Boolean shouldCacheForAlwaysEncrypted)
   at Microsoft.Data.SqlClient.SqlCommand.RunExecuteReaderTds(CommandBehavior cmdBehavior, RunBehavior runBehavior, Boolean returnStream, Boolean isAsync, Int32 timeout, Task& task, Boolean asyncWrite, Boolean inRetry, SqlDataReader ds, Boolean describeParameterEncryptionRequest)
   at Microsoft.Data.SqlClient.SqlCommand.RunExecuteReader(CommandBehavior cmdBehavior, RunBehavior runBehavior, Boolean returnStream, TaskCompletionSource`1 completion, Int32 timeout, Task& task, Boolean& usedCache, Boolean asyncWrite, Boolean inRetry, String method)
   at Microsoft.Data.SqlClient.SqlCommand.RunExecuteReader(CommandBehavior cmdBehavior, RunBehavior runBehavior, Boolean returnStream, String method)
   at Microsoft.Data.SqlClient.SqlCommand.ExecuteReader(CommandBehavior behavior)
   at Microsoft.Data.SqlClient.SqlCommand.ExecuteDbDataReader(CommandBehavior behavior)
   at System.Data.Common.DbCommand.ExecuteReader()
   at Microsoft.EntityFrameworkCore.Storage.RelationalCommand.ExecuteReader(RelationalCommandParameterObject parameterObject)
   at Microsoft.EntityFrameworkCore.Query.Internal.QueryingEnumerable`1.Enumerator.InitializeReader(DbContext _, Boolean result)
   at Microsoft.EntityFrameworkCore.SqlServer.Storage.Internal.SqlServerExecutionStrategy.Execute[TState,TResult](TState state, Func`3 operation, Func`3 verifySucceeded)
   at Microsoft.EntityFrameworkCore.Query.Internal.QueryingEnumerable`1.Enumerator.MoveNext()
ClientConnectionId:e584d794-547f-41cc-aa60-20241aea063c
Error Number:207,State:1,Class:16
2020-06-23 16:57:45.9871|INFO|Books.API.Program|Initializing application...
2020-06-23 16:57:57.6822|ERROR|Microsoft.EntityFrameworkCore.Database.Command|Failed executing DbCommand (10ms) [Parameters=[], CommandType='Text', CommandTimeout='30']
IF EXISTS (SELECT * FROM [sys].[identity_columns] WHERE [name] IN (N'Id', N'Author', N'Description', N'Title', N'Genre') AND [object_id] = OBJECT_ID(N'[Books]'))
    SET IDENTITY_INSERT [Books] ON;
INSERT INTO [Books] ([Id], [Author], [Description], [Title], [Genre])
VALUES (1, N'Charles Dickens', N'', N'Great Expectations', N'Novel'),
(2, N'George Orwell', N'', N'Animal Farm', N'Political Satire'),
(3, N'Dashiell Hammett', N'', N'The Maltese Falcon', N'Crime Fiction'),
(4, N'E M Forster', N'', N'A Room with a View', N'Novel'),
(5, N'Harper Lee', N'', N'To Kill a Mockingbird', N'Bildungsroman');
IF EXISTS (SELECT * FROM [sys].[identity_columns] WHERE [name] IN (N'Id', N'Author', N'Description', N'Title', N'Genre') AND [object_id] = OBJECT_ID(N'[Books]'))
    SET IDENTITY_INSERT [Books] OFF;
2020-06-23 16:57:57.7134|ERROR|Books.API.Program|Exception occurred whilst migrating the database.
2020-06-23 16:57:57.8220|INFO|Microsoft.Hosting.Lifetime|Now listening on: http://localhost:51004
2020-06-23 16:57:57.8220|INFO|Microsoft.Hosting.Lifetime|Application started. Press Ctrl+C to shut down.
2020-06-23 16:57:57.8505|INFO|Microsoft.Hosting.Lifetime|Hosting environment: Development
2020-06-23 16:57:57.8642|INFO|Microsoft.Hosting.Lifetime|Content root path: C:\Users\Dev\source\repos\PS\Books\Books.API
2020-06-23 16:58:06.9863|WARN|Microsoft.AspNetCore.HttpsPolicy.HttpsRedirectionMiddleware|Failed to determine the https port for redirect.
2020-06-23 16:58:07.2394|ERROR|Microsoft.EntityFrameworkCore.Database.Command|Failed executing DbCommand (1ms) [Parameters=[], CommandType='Text', CommandTimeout='30']
SELECT [b].[Id], [b].[Author], [b].[Description], [b].[Genre], [b].[Title]
FROM [Books] AS [b]
ORDER BY [b].[Title]
2020-06-23 16:58:07.2723|ERROR|Microsoft.EntityFrameworkCore.Query|An exception occurred while iterating over the results of a query for context type 'Books.API.Contexts.BookInfoContext'.
Microsoft.Data.SqlClient.SqlException (0x80131904): Invalid column name 'Genre'.
   at Microsoft.Data.SqlClient.SqlConnection.OnError(SqlException exception, Boolean breakConnection, Action`1 wrapCloseInAction)
   at Microsoft.Data.SqlClient.SqlInternalConnection.OnError(SqlException exception, Boolean breakConnection, Action`1 wrapCloseInAction)
   at Microsoft.Data.SqlClient.TdsParser.ThrowExceptionAndWarning(TdsParserStateObject stateObj, Boolean callerHasConnectionLock, Boolean asyncClose)
   at Microsoft.Data.SqlClient.TdsParser.TryRun(RunBehavior runBehavior, SqlCommand cmdHandler, SqlDataReader dataStream, BulkCopySimpleResultSet bulkCopyHandler, TdsParserStateObject stateObj, Boolean& dataReady)
   at Microsoft.Data.SqlClient.SqlDataReader.TryConsumeMetaData()
   at Microsoft.Data.SqlClient.SqlDataReader.get_MetaData()
   at Microsoft.Data.SqlClient.SqlCommand.FinishExecuteReader(SqlDataReader ds, RunBehavior runBehavior, String resetOptionsString, Boolean isInternal, Boolean forDescribeParameterEncryption, Boolean shouldCacheForAlwaysEncrypted)
   at Microsoft.Data.SqlClient.SqlCommand.RunExecuteReaderTds(CommandBehavior cmdBehavior, RunBehavior runBehavior, Boolean returnStream, Boolean isAsync, Int32 timeout, Task& task, Boolean asyncWrite, Boolean inRetry, SqlDataReader ds, Boolean describeParameterEncryptionRequest)
   at Microsoft.Data.SqlClient.SqlCommand.RunExecuteReader(CommandBehavior cmdBehavior, RunBehavior runBehavior, Boolean returnStream, TaskCompletionSource`1 completion, Int32 timeout, Task& task, Boolean& usedCache, Boolean asyncWrite, Boolean inRetry, String method)
   at Microsoft.Data.SqlClient.SqlCommand.RunExecuteReader(CommandBehavior cmdBehavior, RunBehavior runBehavior, Boolean returnStream, String method)
   at Microsoft.Data.SqlClient.SqlCommand.ExecuteReader(CommandBehavior behavior)
   at Microsoft.Data.SqlClient.SqlCommand.ExecuteDbDataReader(CommandBehavior behavior)
   at System.Data.Common.DbCommand.ExecuteReader()
   at Microsoft.EntityFrameworkCore.Storage.RelationalCommand.ExecuteReader(RelationalCommandParameterObject parameterObject)
   at Microsoft.EntityFrameworkCore.Query.Internal.QueryingEnumerable`1.Enumerator.InitializeReader(DbContext _, Boolean result)
   at Microsoft.EntityFrameworkCore.SqlServer.Storage.Internal.SqlServerExecutionStrategy.Execute[TState,TResult](TState state, Func`3 operation, Func`3 verifySucceeded)
   at Microsoft.EntityFrameworkCore.Query.Internal.QueryingEnumerable`1.Enumerator.MoveNext()
ClientConnectionId:dca097db-e1d9-4d7d-be7a-c544bb63c8a0
Error Number:207,State:1,Class:16
2020-06-23 16:58:59.2183|ERROR|Microsoft.EntityFrameworkCore.Database.Command|Failed executing DbCommand (5ms) [Parameters=[], CommandType='Text', CommandTimeout='30']
IF EXISTS (SELECT * FROM [sys].[identity_columns] WHERE [name] IN (N'Id', N'Author', N'Description', N'Title', N'Genre') AND [object_id] = OBJECT_ID(N'[Books]'))
    SET IDENTITY_INSERT [Books] ON;
INSERT INTO [Books] ([Id], [Author], [Description], [Title], [Genre])
VALUES (1, N'Charles Dickens', N'', N'Great Expectations', N'Novel'),
(2, N'George Orwell', N'', N'Animal Farm', N'Political Satire'),
(3, N'Dashiell Hammett', N'', N'The Maltese Falcon', N'Crime Fiction'),
(4, N'E M Forster', N'', N'A Room with a View', N'Novel'),
(5, N'Harper Lee', N'', N'To Kill a Mockingbird', N'Bildungsroman');
IF EXISTS (SELECT * FROM [sys].[identity_columns] WHERE [name] IN (N'Id', N'Author', N'Description', N'Title', N'Genre') AND [object_id] = OBJECT_ID(N'[Books]'))
    SET IDENTITY_INSERT [Books] OFF;
2020-06-23 17:01:02.9591|INFO|Books.API.Program|Initializing application...
2020-06-23 17:01:14.6667|INFO|Microsoft.Hosting.Lifetime|Now listening on: http://localhost:51004
2020-06-23 17:01:14.6837|INFO|Microsoft.Hosting.Lifetime|Application started. Press Ctrl+C to shut down.
2020-06-23 17:01:14.6978|INFO|Microsoft.Hosting.Lifetime|Hosting environment: Development
2020-06-23 17:01:14.6978|INFO|Microsoft.Hosting.Lifetime|Content root path: C:\Users\Dev\source\repos\PS\Books\Books.API
2020-06-23 17:01:20.0438|WARN|Microsoft.AspNetCore.HttpsPolicy.HttpsRedirectionMiddleware|Failed to determine the https port for redirect.
2020-06-23 17:02:33.9810|INFO|Books.API.Program|Initializing application...
2020-06-23 17:02:45.6935|INFO|Microsoft.Hosting.Lifetime|Now listening on: http://localhost:51004
2020-06-23 17:02:45.7091|INFO|Microsoft.Hosting.Lifetime|Application started. Press Ctrl+C to shut down.
2020-06-23 17:02:45.7216|INFO|Microsoft.Hosting.Lifetime|Hosting environment: Development
2020-06-23 17:02:45.7335|INFO|Microsoft.Hosting.Lifetime|Content root path: C:\Users\Dev\source\repos\PS\Books\Books.API
2020-06-23 17:02:48.1049|WARN|Microsoft.AspNetCore.HttpsPolicy.HttpsRedirectionMiddleware|Failed to determine the https port for redirect.
2020-06-23 17:04:19.3089|INFO|Books.API.Program|Initializing application...
2020-06-23 17:04:31.0049|INFO|Microsoft.Hosting.Lifetime|Now listening on: http://localhost:51004
2020-06-23 17:04:31.0207|INFO|Microsoft.Hosting.Lifetime|Application started. Press Ctrl+C to shut down.
2020-06-23 17:04:31.0326|INFO|Microsoft.Hosting.Lifetime|Hosting environment: Development
2020-06-23 17:04:31.0424|INFO|Microsoft.Hosting.Lifetime|Content root path: C:\Users\Dev\source\repos\PS\Books\Books.API
2020-06-23 17:04:31.0604|WARN|Microsoft.AspNetCore.HttpsPolicy.HttpsRedirectionMiddleware|Failed to determine the https port for redirect.
2020-06-23 17:07:00.4756|INFO|Books.API.Program|Initializing application...
2020-06-23 17:07:12.2227|INFO|Microsoft.Hosting.Lifetime|Now listening on: http://localhost:51004
2020-06-23 17:07:12.2348|INFO|Microsoft.Hosting.Lifetime|Application started. Press Ctrl+C to shut down.
2020-06-23 17:07:12.2432|INFO|Microsoft.Hosting.Lifetime|Hosting environment: Development
2020-06-23 17:07:12.2432|INFO|Microsoft.Hosting.Lifetime|Content root path: C:\Users\Dev\source\repos\PS\Books\Books.API
2020-06-23 17:07:12.2658|WARN|Microsoft.AspNetCore.HttpsPolicy.HttpsRedirectionMiddleware|Failed to determine the https port for redirect.
2020-06-23 18:43:57.3314|INFO|Books.API.Program|Initializing application...
2020-06-23 18:44:09.9230|INFO|Microsoft.Hosting.Lifetime|Now listening on: http://localhost:51004
2020-06-23 18:44:09.9329|INFO|Microsoft.Hosting.Lifetime|Application started. Press Ctrl+C to shut down.
2020-06-23 18:44:09.9329|INFO|Microsoft.Hosting.Lifetime|Hosting environment: Development
2020-06-23 18:44:09.9475|INFO|Microsoft.Hosting.Lifetime|Content root path: C:\Users\Dev\source\repos\PS\Books\Books.API
2020-06-23 18:44:10.0706|WARN|Microsoft.AspNetCore.HttpsPolicy.HttpsRedirectionMiddleware|Failed to determine the https port for redirect.
2020-06-23 18:44:37.8882|INFO|Books.API.Program|Initializing application...
2020-06-23 18:48:51.0657|INFO|Microsoft.Hosting.Lifetime|Now listening on: http://localhost:51004
2020-06-23 18:48:51.0753|INFO|Microsoft.Hosting.Lifetime|Application started. Press Ctrl+C to shut down.
2020-06-23 18:48:51.0753|INFO|Microsoft.Hosting.Lifetime|Hosting environment: Development
2020-06-23 18:48:51.0882|INFO|Microsoft.Hosting.Lifetime|Content root path: C:\Users\Dev\source\repos\PS\Books\Books.API
2020-06-23 18:48:58.5429|WARN|Microsoft.AspNetCore.HttpsPolicy.HttpsRedirectionMiddleware|Failed to determine the https port for redirect.
2020-06-23 18:49:59.7065|INFO|Books.API.Program|Initializing application...
2020-06-23 18:50:17.3359|INFO|Microsoft.Hosting.Lifetime|Now listening on: http://localhost:51004
2020-06-23 18:50:17.3448|INFO|Microsoft.Hosting.Lifetime|Application started. Press Ctrl+C to shut down.
2020-06-23 18:50:17.3448|INFO|Microsoft.Hosting.Lifetime|Hosting environment: Development
2020-06-23 18:50:17.3563|INFO|Microsoft.Hosting.Lifetime|Content root path: C:\Users\Dev\source\repos\PS\Books\Books.API
2020-06-23 18:50:30.9855|WARN|Microsoft.AspNetCore.HttpsPolicy.HttpsRedirectionMiddleware|Failed to determine the https port for redirect.
2020-06-23 18:52:28.5821|INFO|Books.API.Program|Initializing application...
2020-06-23 18:52:40.1921|INFO|Books.API.Program|Running host...
2020-06-23 18:52:42.0933|INFO|Microsoft.Hosting.Lifetime|Now listening on: http://localhost:51004
2020-06-23 18:52:42.1037|INFO|Microsoft.Hosting.Lifetime|Application started. Press Ctrl+C to shut down.
2020-06-23 18:52:42.1037|INFO|Microsoft.Hosting.Lifetime|Hosting environment: Development
2020-06-23 18:52:42.1037|INFO|Microsoft.Hosting.Lifetime|Content root path: C:\Users\Dev\source\repos\PS\Books\Books.API
2020-06-23 18:52:51.6586|WARN|Microsoft.AspNetCore.HttpsPolicy.HttpsRedirectionMiddleware|Failed to determine the https port for redirect.
2020-06-23 18:58:44.8970|INFO|Books.API.Program|Initializing application...
2020-06-23 18:58:56.8951|INFO|Books.API.Program|Running host...
2020-06-23 18:59:01.9395|INFO|Microsoft.Hosting.Lifetime|Now listening on: http://localhost:51004
2020-06-23 18:59:01.9479|INFO|Microsoft.Hosting.Lifetime|Application started. Press Ctrl+C to shut down.
2020-06-23 18:59:01.9479|INFO|Microsoft.Hosting.Lifetime|Hosting environment: Development
2020-06-23 18:59:01.9479|INFO|Microsoft.Hosting.Lifetime|Content root path: C:\Users\Dev\source\repos\PS\Books\Books.API
2020-06-23 18:59:10.0933|WARN|Microsoft.AspNetCore.HttpsPolicy.HttpsRedirectionMiddleware|Failed to determine the https port for redirect.
2020-06-23 19:03:18.3822|INFO|Books.API.Program|Initializing application...
2020-06-23 19:03:30.3540|INFO|Books.API.Program|Running host...
2020-06-23 19:03:30.4801|INFO|Microsoft.Hosting.Lifetime|Now listening on: http://localhost:51004
2020-06-23 19:03:30.4801|INFO|Microsoft.Hosting.Lifetime|Application started. Press Ctrl+C to shut down.
2020-06-23 19:03:30.4942|INFO|Microsoft.Hosting.Lifetime|Hosting environment: Development
2020-06-23 19:03:30.4942|INFO|Microsoft.Hosting.Lifetime|Content root path: C:\Users\Dev\source\repos\PS\Books\Books.API
2020-06-23 19:03:33.6403|WARN|Microsoft.AspNetCore.HttpsPolicy.HttpsRedirectionMiddleware|Failed to determine the https port for redirect.
2020-06-23 19:06:24.7031|INFO|Books.API.Program|Initializing application...
2020-06-23 19:06:36.3341|INFO|Books.API.Program|Running host...
2020-06-23 19:06:36.4254|INFO|Microsoft.Hosting.Lifetime|Now listening on: http://localhost:51004
2020-06-23 19:06:36.4334|INFO|Microsoft.Hosting.Lifetime|Application started. Press Ctrl+C to shut down.
2020-06-23 19:06:36.4334|INFO|Microsoft.Hosting.Lifetime|Hosting environment: Development
2020-06-23 19:06:36.4334|INFO|Microsoft.Hosting.Lifetime|Content root path: C:\Users\Dev\source\repos\PS\Books\Books.API
2020-06-23 19:07:02.3118|WARN|Microsoft.AspNetCore.HttpsPolicy.HttpsRedirectionMiddleware|Failed to determine the https port for redirect.
2020-06-23 19:07:48.6183|INFO|Books.API.Program|Initializing application...
2020-06-23 19:08:00.2576|INFO|Books.API.Program|Running host...
2020-06-23 19:08:00.3523|INFO|Microsoft.Hosting.Lifetime|Now listening on: http://localhost:51004
2020-06-23 19:08:00.3608|INFO|Microsoft.Hosting.Lifetime|Application started. Press Ctrl+C to shut down.
2020-06-23 19:08:00.3608|INFO|Microsoft.Hosting.Lifetime|Hosting environment: Development
2020-06-23 19:08:00.3735|INFO|Microsoft.Hosting.Lifetime|Content root path: C:\Users\Dev\source\repos\PS\Books\Books.API
2020-06-23 19:08:05.6704|WARN|Microsoft.AspNetCore.HttpsPolicy.HttpsRedirectionMiddleware|Failed to determine the https port for redirect.
2020-06-23 19:09:01.3622|INFO|Books.API.Program|Initializing application...
2020-06-23 19:09:12.9637|INFO|Books.API.Program|Running host...
2020-06-23 19:09:13.0625|INFO|Microsoft.Hosting.Lifetime|Now listening on: http://localhost:51004
2020-06-23 19:09:13.0625|INFO|Microsoft.Hosting.Lifetime|Application started. Press Ctrl+C to shut down.
2020-06-23 19:09:13.0763|INFO|Microsoft.Hosting.Lifetime|Hosting environment: Development
2020-06-23 19:09:13.0763|INFO|Microsoft.Hosting.Lifetime|Content root path: C:\Users\Dev\source\repos\PS\Books\Books.API
2020-06-23 19:09:13.5278|WARN|Microsoft.AspNetCore.HttpsPolicy.HttpsRedirectionMiddleware|Failed to determine the https port for redirect.
