2020-06-26 13:55:17.3697|INFO|Books.API.Program|Initializing application...
2020-06-26 13:55:18.7656|INFO|Microsoft.EntityFrameworkCore.Infrastructure|Entity Framework Core 3.1.2 initialized 'BookInfoContext' using provider 'Microsoft.EntityFrameworkCore.SqlServer' with options: None
2020-06-26 13:55:19.5547|INFO|Microsoft.EntityFrameworkCore.Database.Command|Executed DbCommand (14ms) [Parameters=[], CommandType='Text', CommandTimeout='30']
SELECT 1
2020-06-26 13:55:19.6726|INFO|Microsoft.EntityFrameworkCore.Database.Command|Executed DbCommand (3ms) [Parameters=[], CommandType='Text', CommandTimeout='60']
IF SERVERPROPERTY('EngineEdition') <> 5
BEGIN
    ALTER DATABASE [BookInfoDB] SET SINGLE_USER WITH ROLLBACK IMMEDIATE;
END;
2020-06-26 13:55:19.8230|INFO|Microsoft.EntityFrameworkCore.Database.Command|Executed DbCommand (15ms) [Parameters=[], CommandType='Text', CommandTimeout='60']
DROP DATABASE [BookInfoDB];
2020-06-26 13:55:30.2080|INFO|Microsoft.EntityFrameworkCore.Database.Command|Executed DbCommand (129ms) [Parameters=[], CommandType='Text', CommandTimeout='60']
CREATE DATABASE [BookInfoDB];
2020-06-26 13:55:30.2546|INFO|Microsoft.EntityFrameworkCore.Database.Command|Executed DbCommand (38ms) [Parameters=[], CommandType='Text', CommandTimeout='60']
IF SERVERPROPERTY('EngineEdition') <> 5
BEGIN
    ALTER DATABASE [BookInfoDB] SET READ_COMMITTED_SNAPSHOT ON;
END;
2020-06-26 13:55:30.2714|INFO|Microsoft.EntityFrameworkCore.Database.Command|Executed DbCommand (2ms) [Parameters=[], CommandType='Text', CommandTimeout='30']
SELECT 1
2020-06-26 13:55:30.3453|INFO|Microsoft.EntityFrameworkCore.Database.Command|Executed DbCommand (5ms) [Parameters=[], CommandType='Text', CommandTimeout='30']
CREATE TABLE [__EFMigrationsHistory] (
    [MigrationId] nvarchar(150) NOT NULL,
    [ProductVersion] nvarchar(32) NOT NULL,
    CONSTRAINT [PK___EFMigrationsHistory] PRIMARY KEY ([MigrationId])
);
2020-06-26 13:55:30.3606|INFO|Microsoft.EntityFrameworkCore.Database.Command|Executed DbCommand (1ms) [Parameters=[], CommandType='Text', CommandTimeout='30']
SELECT 1
2020-06-26 13:55:30.3864|INFO|Microsoft.EntityFrameworkCore.Database.Command|Executed DbCommand (11ms) [Parameters=[], CommandType='Text', CommandTimeout='30']
SELECT OBJECT_ID(N'[__EFMigrationsHistory]');
2020-06-26 13:55:30.4039|INFO|Microsoft.EntityFrameworkCore.Database.Command|Executed DbCommand (3ms) [Parameters=[], CommandType='Text', CommandTimeout='30']
SELECT [MigrationId], [ProductVersion]
FROM [__EFMigrationsHistory]
ORDER BY [MigrationId];
2020-06-26 13:55:30.4227|INFO|Microsoft.EntityFrameworkCore.Migrations|Applying migration '20200305171620_BookInfoDBInitialMigration'.
2020-06-26 13:55:30.4560|INFO|Microsoft.EntityFrameworkCore.Database.Command|Executed DbCommand (4ms) [Parameters=[], CommandType='Text', CommandTimeout='30']
CREATE TABLE [Books] (
    [Id] int NOT NULL IDENTITY,
    [Title] nvarchar(512) NOT NULL,
    [Author] nvarchar(256) NOT NULL,
    [Description] nvarchar(1024) NULL,
    [Genre] nvarchar(256) NULL,
    CONSTRAINT [PK_Books] PRIMARY KEY ([Id])
);
2020-06-26 13:55:30.4676|INFO|Microsoft.EntityFrameworkCore.Database.Command|Executed DbCommand (2ms) [Parameters=[], CommandType='Text', CommandTimeout='30']
CREATE TABLE [Quotations] (
    [Id] int NOT NULL IDENTITY,
    [Quote] nvarchar(1024) NOT NULL,
    [BookId] int NOT NULL,
    CONSTRAINT [PK_Quotations] PRIMARY KEY ([Id]),
    CONSTRAINT [FK_Quotations_Books_BookId] FOREIGN KEY ([BookId]) REFERENCES [Books] ([Id]) ON DELETE CASCADE
);
2020-06-26 13:55:30.4789|INFO|Microsoft.EntityFrameworkCore.Database.Command|Executed DbCommand (2ms) [Parameters=[], CommandType='Text', CommandTimeout='30']
CREATE INDEX [IX_Quotations_BookId] ON [Quotations] ([BookId]);
2020-06-26 13:55:30.4789|INFO|Microsoft.EntityFrameworkCore.Database.Command|Executed DbCommand (2ms) [Parameters=[], CommandType='Text', CommandTimeout='30']
INSERT INTO [__EFMigrationsHistory] ([MigrationId], [ProductVersion])
VALUES (N'20200305171620_BookInfoDBInitialMigration', N'3.1.2');
2020-06-26 13:55:30.5081|INFO|Microsoft.EntityFrameworkCore.Migrations|Applying migration '20200305174452_BookInfoDBAddNotesFieldToQuotation'.
2020-06-26 13:55:30.5271|INFO|Microsoft.EntityFrameworkCore.Database.Command|Executed DbCommand (2ms) [Parameters=[], CommandType='Text', CommandTimeout='30']
ALTER TABLE [Quotations] ADD [Notes] nvarchar(1024) NULL;
2020-06-26 13:55:30.5271|INFO|Microsoft.EntityFrameworkCore.Database.Command|Executed DbCommand (1ms) [Parameters=[], CommandType='Text', CommandTimeout='30']
INSERT INTO [__EFMigrationsHistory] ([MigrationId], [ProductVersion])
VALUES (N'20200305174452_BookInfoDBAddNotesFieldToQuotation', N'3.1.2');
2020-06-26 13:55:30.5515|INFO|Microsoft.EntityFrameworkCore.Migrations|Applying migration '20200306134955_SampleData'.
2020-06-26 13:55:30.5934|INFO|Microsoft.EntityFrameworkCore.Database.Command|Executed DbCommand (17ms) [Parameters=[], CommandType='Text', CommandTimeout='30']
IF EXISTS (SELECT * FROM [sys].[identity_columns] WHERE [name] IN (N'Id', N'Author', N'Description', N'Title', N'Genre') AND [object_id] = OBJECT_ID(N'[Books]'))
    SET IDENTITY_INSERT [Books] ON;
INSERT INTO [Books] ([Id], [Author], [Description], [Title], [Genre])
VALUES (1, N'Charles Dickens', N'', N'Great Expectations', N''),
(2, N'George Orwell', N'', N'Animal Farm', N''),
(3, N'Dashiell Hammett', N'', N'The Maltese Falcon', N''),
(4, N'E M Forster', N'', N'A Room with a View', N''),
(5, N'Harper Lee', N'', N'To Kill a Mockingbird', N''),
(6, N'George Orwell', N'', N'1984', N'Dystopian Fiction'),
(7, N'Charles Dickens', N'', N'A Christmas Carol', N'Novel'),
(8, N'Oscar Wilde', N'', N'The Picture of Dorian Gray', N'Novel'),
(9, N'Ray Bradbury', N'', N'Fahrenheit 451', N'Dystopian Fiction'),
(10, N'Jack London', N'', N'The Call of the Wild', N'Adventure Fiction'),
(11, N'Agatha Christie', N'', N'Murder on the Orient Express', N'Crime Fiction');
IF EXISTS (SELECT * FROM [sys].[identity_columns] WHERE [name] IN (N'Id', N'Author', N'Description', N'Title', N'Genre') AND [object_id] = OBJECT_ID(N'[Books]'))
    SET IDENTITY_INSERT [Books] OFF;
2020-06-26 13:55:30.6112|INFO|Microsoft.EntityFrameworkCore.Database.Command|Executed DbCommand (8ms) [Parameters=[], CommandType='Text', CommandTimeout='30']
IF EXISTS (SELECT * FROM [sys].[identity_columns] WHERE [name] IN (N'Id', N'BookId', N'Notes', N'Quote') AND [object_id] = OBJECT_ID(N'[Quotations]'))
    SET IDENTITY_INSERT [Quotations] ON;
INSERT INTO [Quotations] ([Id], [BookId], [Notes], [Quote])
VALUES (1, 1, N'', N'You are in every line I have ever read.'),
(2, 1, N'', N'Spring is the time of year when it is summer in the sun and winter in the shade.'),
(3, 2, N'', N'All animals are equal, but some animals are more equal than others.'),
(4, 2, N'', N'Four legs good, two legs bad.'),
(5, 2, N'', N'This work was strictly voluntary, but any animal who absented himself from it would have his rations reduced by half.'),
(6, 3, N'', N' I wanted it, and I''m not a man that''s easily discouraged when he wants something.'),
(7, 3, N'', N'You know how to do things ... you''ll land on your feet in the end.'),
(8, 3, N'', N'The cheaper the crook, the gaudier the patter.'),
(9, 4, N'', N'Life is easy to chronicle, but bewildering to practice.'),
(10, 4, N'', N'Of course he despised the world as a whole; every thoughtful man should; it is almost a test of refinement.'),
(11, 4, N'', N'The world is certainly full of beautiful things, if only I could come across them.'),
(12, 5, N'', N'You never really understand a person until you consider things from his point of view... Until you climb inside of his skin and walk around in it.'),
(13, 5, N'', N'People generally see what they look for, and hear what they listen for.'),
(14, 5, N'', N'Lawyers, I suppose were once children, too.');
IF EXISTS (SELECT * FROM [sys].[identity_columns] WHERE [name] IN (N'Id', N'BookId', N'Notes', N'Quote') AND [object_id] = OBJECT_ID(N'[Quotations]'))
    SET IDENTITY_INSERT [Quotations] OFF;
2020-06-26 13:55:30.6224|INFO|Microsoft.EntityFrameworkCore.Database.Command|Executed DbCommand (1ms) [Parameters=[], CommandType='Text', CommandTimeout='30']
INSERT INTO [__EFMigrationsHistory] ([MigrationId], [ProductVersion])
VALUES (N'20200306134955_SampleData', N'3.1.2');
2020-06-26 13:55:30.6358|INFO|Microsoft.EntityFrameworkCore.Migrations|Applying migration '20200623160411_SampleData2'.
2020-06-26 13:55:30.6598|INFO|Microsoft.EntityFrameworkCore.Database.Command|Executed DbCommand (3ms) [Parameters=[], CommandType='Text', CommandTimeout='30']
UPDATE [Books] SET [Genre] = N'Political Satire'
WHERE [Id] = 2;
SELECT @@ROWCOUNT;
2020-06-26 13:55:30.6714|INFO|Microsoft.EntityFrameworkCore.Database.Command|Executed DbCommand (2ms) [Parameters=[], CommandType='Text', CommandTimeout='30']
UPDATE [Books] SET [Genre] = N'Crime Fiction'
WHERE [Id] = 3;
SELECT @@ROWCOUNT;
2020-06-26 13:55:30.6825|INFO|Microsoft.EntityFrameworkCore.Database.Command|Executed DbCommand (1ms) [Parameters=[], CommandType='Text', CommandTimeout='30']
UPDATE [Books] SET [Genre] = N'Novel'
WHERE [Id] = 4;
SELECT @@ROWCOUNT;
2020-06-26 13:55:30.6825|INFO|Microsoft.EntityFrameworkCore.Database.Command|Executed DbCommand (1ms) [Parameters=[], CommandType='Text', CommandTimeout='30']
UPDATE [Books] SET [Genre] = N'Bildungsroman'
WHERE [Id] = 5;
SELECT @@ROWCOUNT;
2020-06-26 13:55:30.7040|INFO|Microsoft.EntityFrameworkCore.Database.Command|Executed DbCommand (1ms) [Parameters=[], CommandType='Text', CommandTimeout='30']
UPDATE [Books] SET [Genre] = N'Novel'
WHERE [Id] = 1;
SELECT @@ROWCOUNT;
2020-06-26 13:55:30.7149|INFO|Microsoft.EntityFrameworkCore.Database.Command|Executed DbCommand (1ms) [Parameters=[], CommandType='Text', CommandTimeout='30']
INSERT INTO [__EFMigrationsHistory] ([MigrationId], [ProductVersion])
VALUES (N'20200623160411_SampleData2', N'3.1.2');
2020-06-26 13:55:30.7308|INFO|Books.API.Program|Running host...
2020-06-26 13:55:30.8757|INFO|Microsoft.Hosting.Lifetime|Now listening on: http://localhost:51004
2020-06-26 13:55:30.8852|INFO|Microsoft.Hosting.Lifetime|Application started. Press Ctrl+C to shut down.
2020-06-26 13:55:30.8852|INFO|Microsoft.Hosting.Lifetime|Hosting environment: Development
2020-06-26 13:55:30.8992|INFO|Microsoft.Hosting.Lifetime|Content root path: C:\Users\Dev\source\repos\PS\Books\Books.API
2020-06-26 13:58:26.8607|INFO|Microsoft.AspNetCore.Hosting.Diagnostics|Request starting HTTP/1.1 POST http://localhost:51004/api/books application/json 131
2020-06-26 13:58:26.8972|INFO|Microsoft.AspNetCore.Routing.EndpointMiddleware|Executing endpoint 'Books.API.Controllers.BooksController.CreateBook (Books.API)'
2020-06-26 13:58:26.9237|INFO|Microsoft.AspNetCore.Mvc.Infrastructure.ControllerActionInvoker|Route matched with {action = "CreateBook", controller = "Books"}. Executing controller action with signature Microsoft.AspNetCore.Mvc.ActionResult`1[Books.API.Models.BookDto] CreateBook(Books.API.Models.BookForCreationDto) on controller Books.API.Controllers.BooksController (Books.API).
2020-06-26 13:58:27.1469|INFO|Microsoft.AspNetCore.Mvc.Infrastructure.ControllerActionInvoker|Executing action method Books.API.Controllers.BooksController.CreateBook (Books.API) - Validation state: Valid
2020-06-26 13:58:27.1707|INFO|Microsoft.EntityFrameworkCore.Infrastructure|Entity Framework Core 3.1.2 initialized 'BookInfoContext' using provider 'Microsoft.EntityFrameworkCore.SqlServer' with options: None
2020-06-26 13:58:27.2746|INFO|Microsoft.EntityFrameworkCore.Database.Command|Executed DbCommand (23ms) [Parameters=[@p0='?' (Size = 256), @p1='?' (Size = 1024), @p2='?' (Size = 256), @p3='?' (Size = 512)], CommandType='Text', CommandTimeout='30']
SET NOCOUNT ON;
INSERT INTO [Books] ([Author], [Description], [Genre], [Title])
VALUES (@p0, @p1, @p2, @p3);
SELECT [Id]
FROM [Books]
WHERE @@ROWCOUNT = 1 AND [Id] = scope_identity();
2020-06-26 13:58:27.3196|INFO|Microsoft.AspNetCore.Mvc.Infrastructure.ControllerActionInvoker|Executed action method Books.API.Controllers.BooksController.CreateBook (Books.API), returned result Microsoft.AspNetCore.Mvc.CreatedAtRouteResult in 161.605ms.
2020-06-26 13:58:27.3422|INFO|Microsoft.AspNetCore.Mvc.Infrastructure.ObjectResultExecutor|Executing ObjectResult, writing value of type 'Books.API.Models.BookDto'.
2020-06-26 13:58:27.4051|INFO|Microsoft.AspNetCore.Mvc.Infrastructure.ControllerActionInvoker|Executed action Books.API.Controllers.BooksController.CreateBook (Books.API) in 464.3761ms
2020-06-26 13:58:27.4051|INFO|Microsoft.AspNetCore.Routing.EndpointMiddleware|Executed endpoint 'Books.API.Controllers.BooksController.CreateBook (Books.API)'
2020-06-26 13:58:27.4265|INFO|Microsoft.AspNetCore.Hosting.Diagnostics|Request finished in 567.1414ms 201 application/json; charset=utf-8
2020-06-26 14:14:09.1164|INFO|Microsoft.AspNetCore.Hosting.Diagnostics|Request starting HTTP/1.1 GET http://localhost:51004/api/books/12  
2020-06-26 14:14:09.1164|INFO|Microsoft.AspNetCore.Routing.EndpointMiddleware|Executing endpoint 'Books.API.Controllers.BooksController.GetBook (Books.API)'
2020-06-26 14:14:09.1443|INFO|Microsoft.AspNetCore.Mvc.Infrastructure.ControllerActionInvoker|Route matched with {action = "GetBook", controller = "Books"}. Executing controller action with signature Microsoft.AspNetCore.Mvc.IActionResult GetBook(Int32, Boolean) on controller Books.API.Controllers.BooksController (Books.API).
2020-06-26 14:14:09.1765|INFO|Microsoft.AspNetCore.Mvc.Infrastructure.ControllerActionInvoker|Executing action method Books.API.Controllers.BooksController.GetBook (Books.API) - Validation state: Valid
2020-06-26 14:14:09.2128|INFO|Microsoft.EntityFrameworkCore.Infrastructure|Entity Framework Core 3.1.2 initialized 'BookInfoContext' using provider 'Microsoft.EntityFrameworkCore.SqlServer' with options: None
2020-06-26 14:14:09.9555|INFO|Microsoft.EntityFrameworkCore.Database.Command|Executed DbCommand (6ms) [Parameters=[@__bookId_0='?' (DbType = Int32)], CommandType='Text', CommandTimeout='30']
SELECT TOP(1) [b].[Id], [b].[Author], [b].[Description], [b].[Genre], [b].[Title]
FROM [Books] AS [b]
WHERE [b].[Id] = @__bookId_0
2020-06-26 14:14:10.0283|INFO|Microsoft.AspNetCore.Mvc.Infrastructure.ControllerActionInvoker|Executed action method Books.API.Controllers.BooksController.GetBook (Books.API), returned result Microsoft.AspNetCore.Mvc.OkObjectResult in 843.0899ms.
2020-06-26 14:14:10.2121|INFO|Microsoft.AspNetCore.Mvc.Infrastructure.ObjectResultExecutor|Executing ObjectResult, writing value of type 'Books.API.Models.BookWithoutQuotesDto'.
2020-06-26 14:14:10.3879|INFO|Microsoft.AspNetCore.Mvc.Infrastructure.ControllerActionInvoker|Executed action Books.API.Controllers.BooksController.GetBook (Books.API) in 1230.7612ms
2020-06-26 14:14:10.5708|INFO|Microsoft.AspNetCore.Routing.EndpointMiddleware|Executed endpoint 'Books.API.Controllers.BooksController.GetBook (Books.API)'
2020-06-26 14:14:10.5708|INFO|Microsoft.AspNetCore.Hosting.Diagnostics|Request finished in 1464.5439ms 200 application/json; charset=utf-8
2020-06-26 14:26:18.9472|INFO|Microsoft.AspNetCore.Hosting.Diagnostics|Request starting HTTP/1.1 POST http://localhost:51004/api/books application/json 4
2020-06-26 14:26:18.9472|INFO|Microsoft.AspNetCore.Routing.EndpointMiddleware|Executing endpoint 'Books.API.Controllers.BooksController.CreateBook (Books.API)'
2020-06-26 14:26:18.9676|INFO|Microsoft.AspNetCore.Mvc.Infrastructure.ControllerActionInvoker|Route matched with {action = "CreateBook", controller = "Books"}. Executing controller action with signature Microsoft.AspNetCore.Mvc.ActionResult`1[Books.API.Models.BookDto] CreateBook(Books.API.Models.BookForCreationDto) on controller Books.API.Controllers.BooksController (Books.API).
2020-06-26 14:26:18.9970|INFO|Microsoft.AspNetCore.Mvc.Infrastructure.ControllerActionInvoker|Executing action method Books.API.Controllers.BooksController.CreateBook (Books.API) - Validation state: Valid
2020-06-26 14:26:18.9970|INFO|Microsoft.EntityFrameworkCore.Infrastructure|Entity Framework Core 3.1.2 initialized 'BookInfoContext' using provider 'Microsoft.EntityFrameworkCore.SqlServer' with options: None
2020-06-26 14:26:19.6024|ERROR|Microsoft.EntityFrameworkCore.Database.Command|Failed executing DbCommand (8ms) [Parameters=[@p0='?' (Size = 256), @p1='?' (Size = 1024), @p2='?' (Size = 256), @p3='?' (Size = 512)], CommandType='Text', CommandTimeout='30']
SET NOCOUNT ON;
INSERT INTO [Books] ([Author], [Description], [Genre], [Title])
VALUES (@p0, @p1, @p2, @p3);
SELECT [Id]
FROM [Books]
WHERE @@ROWCOUNT = 1 AND [Id] = scope_identity();
2020-06-26 14:26:19.7497|ERROR|Microsoft.EntityFrameworkCore.Update|An exception occurred in the database while saving changes for context type 'Books.API.Contexts.BookInfoContext'.
Microsoft.EntityFrameworkCore.DbUpdateException: An error occurred while updating the entries. See the inner exception for details.
 ---> Microsoft.Data.SqlClient.SqlException (0x80131904): Cannot insert the value NULL into column 'Author', table 'BookInfoDB.dbo.Books'; column does not allow nulls. INSERT fails.
The statement has been terminated.
   at Microsoft.Data.SqlClient.SqlConnection.OnError(SqlException exception, Boolean breakConnection, Action`1 wrapCloseInAction)
   at Microsoft.Data.SqlClient.SqlInternalConnection.OnError(SqlException exception, Boolean breakConnection, Action`1 wrapCloseInAction)
   at Microsoft.Data.SqlClient.TdsParser.ThrowExceptionAndWarning(TdsParserStateObject stateObj, Boolean callerHasConnectionLock, Boolean asyncClose)
   at Microsoft.Data.SqlClient.TdsParser.TryRun(RunBehavior runBehavior, SqlCommand cmdHandler, SqlDataReader dataStream, BulkCopySimpleResultSet bulkCopyHandler, TdsParserStateObject stateObj, Boolean& dataReady)
   at Microsoft.Data.SqlClient.SqlDataReader.TryConsumeMetaData()
   at Microsoft.Data.SqlClient.SqlDataReader.get_MetaData()
   at Microsoft.Data.SqlClient.SqlCommand.FinishExecuteReader(SqlDataReader ds, RunBehavior runBehavior, String resetOptionsString, Boolean isInternal, Boolean forDescribeParameterEncryption, Boolean shouldCacheForAlwaysEncrypted)
   at Microsoft.Data.SqlClient.SqlCommand.RunExecuteReaderTds(CommandBehavior cmdBehavior, RunBehavior runBehavior, Boolean returnStream, Boolean isAsync, Int32 timeout, Task& task, Boolean asyncWrite, Boolean inRetry, SqlDataReader ds, Boolean describeParameterEncryptionRequest)
   at Microsoft.Data.SqlClient.SqlCommand.RunExecuteReader(CommandBehavior cmdBehavior, RunBehavior runBehavior, Boolean returnStream, TaskCompletionSource`1 completion, Int32 timeout, Task& task, Boolean& usedCache, Boolean asyncWrite, Boolean inRetry, String method)
   at Microsoft.Data.SqlClient.SqlCommand.RunExecuteReader(CommandBehavior cmdBehavior, RunBehavior runBehavior, Boolean returnStream, String method)
   at Microsoft.Data.SqlClient.SqlCommand.ExecuteReader(CommandBehavior behavior)
   at Microsoft.Data.SqlClient.SqlCommand.ExecuteDbDataReader(CommandBehavior behavior)
   at System.Data.Common.DbCommand.ExecuteReader()
   at Microsoft.EntityFrameworkCore.Storage.RelationalCommand.ExecuteReader(RelationalCommandParameterObject parameterObject)
   at Microsoft.EntityFrameworkCore.Update.ReaderModificationCommandBatch.Execute(IRelationalConnection connection)
ClientConnectionId:12a28709-a87e-4a9c-a69b-a5c5e07d90fc
Error Number:515,State:2,Class:16
   --- End of inner exception stack trace ---
   at Microsoft.EntityFrameworkCore.Update.ReaderModificationCommandBatch.Execute(IRelationalConnection connection)
   at Microsoft.EntityFrameworkCore.Update.Internal.BatchExecutor.Execute(IEnumerable`1 commandBatches, IRelationalConnection connection)
   at Microsoft.EntityFrameworkCore.Storage.RelationalDatabase.SaveChanges(IList`1 entries)
   at Microsoft.EntityFrameworkCore.ChangeTracking.Internal.StateManager.SaveChanges(IList`1 entriesToSave)
   at Microsoft.EntityFrameworkCore.ChangeTracking.Internal.StateManager.SaveChanges(DbContext _, Boolean acceptAllChangesOnSuccess)
   at Microsoft.EntityFrameworkCore.SqlServer.Storage.Internal.SqlServerExecutionStrategy.Execute[TState,TResult](TState state, Func`3 operation, Func`3 verifySucceeded)
   at Microsoft.EntityFrameworkCore.ChangeTracking.Internal.StateManager.SaveChanges(Boolean acceptAllChangesOnSuccess)
   at Microsoft.EntityFrameworkCore.DbContext.SaveChanges(Boolean acceptAllChangesOnSuccess)
2020-06-26 14:26:37.6084|INFO|Microsoft.AspNetCore.Mvc.Infrastructure.ControllerActionInvoker|Executed action Books.API.Controllers.BooksController.CreateBook (Books.API) in 18628.0567ms
2020-06-26 14:26:37.6179|INFO|Microsoft.AspNetCore.Routing.EndpointMiddleware|Executed endpoint 'Books.API.Controllers.BooksController.CreateBook (Books.API)'
2020-06-26 14:26:37.6427|ERROR|Microsoft.AspNetCore.Diagnostics.DeveloperExceptionPageMiddleware|An unhandled exception has occurred while executing the request.
2020-06-26 14:26:37.6585|INFO|Microsoft.AspNetCore.Hosting.Diagnostics|Request finished in 18711.2654ms 500 text/plain
2020-06-26 14:27:25.4310|INFO|Microsoft.AspNetCore.Hosting.Diagnostics|Request starting HTTP/1.1 POST http://localhost:51004/api/books application/json 0
2020-06-26 14:27:25.4452|INFO|Microsoft.AspNetCore.Routing.EndpointMiddleware|Executing endpoint 'Books.API.Controllers.BooksController.CreateBook (Books.API)'
2020-06-26 14:27:25.4452|INFO|Microsoft.AspNetCore.Mvc.Infrastructure.ControllerActionInvoker|Route matched with {action = "CreateBook", controller = "Books"}. Executing controller action with signature Microsoft.AspNetCore.Mvc.ActionResult`1[Books.API.Models.BookDto] CreateBook(Books.API.Models.BookForCreationDto) on controller Books.API.Controllers.BooksController (Books.API).
2020-06-26 14:27:25.4996|INFO|Microsoft.AspNetCore.Mvc.Infrastructure.ObjectResultExecutor|Executing ObjectResult, writing value of type 'Microsoft.AspNetCore.Mvc.ValidationProblemDetails'.
2020-06-26 14:27:25.5284|INFO|Microsoft.AspNetCore.Mvc.Infrastructure.ControllerActionInvoker|Executed action Books.API.Controllers.BooksController.CreateBook (Books.API) in 58.4502ms
2020-06-26 14:27:25.5284|INFO|Microsoft.AspNetCore.Routing.EndpointMiddleware|Executed endpoint 'Books.API.Controllers.BooksController.CreateBook (Books.API)'
2020-06-26 14:27:25.5468|INFO|Microsoft.AspNetCore.Hosting.Diagnostics|Request finished in 115.7201ms 400 application/problem+json; charset=utf-8
2020-06-26 14:30:30.8911|INFO|Microsoft.AspNetCore.Hosting.Diagnostics|Request starting HTTP/1.1 POST http://localhost:51004/api/books application/json 120
2020-06-26 14:30:30.9124|INFO|Microsoft.AspNetCore.Routing.EndpointMiddleware|Executing endpoint 'Books.API.Controllers.BooksController.CreateBook (Books.API)'
2020-06-26 14:30:30.9213|INFO|Microsoft.AspNetCore.Mvc.Infrastructure.ControllerActionInvoker|Route matched with {action = "CreateBook", controller = "Books"}. Executing controller action with signature Microsoft.AspNetCore.Mvc.ActionResult`1[Books.API.Models.BookDto] CreateBook(Books.API.Models.BookForCreationDto) on controller Books.API.Controllers.BooksController (Books.API).
2020-06-26 14:30:30.9531|INFO|Microsoft.AspNetCore.Mvc.Infrastructure.ControllerActionInvoker|Executing action method Books.API.Controllers.BooksController.CreateBook (Books.API) - Validation state: Valid
2020-06-26 14:30:30.9629|INFO|Microsoft.EntityFrameworkCore.Infrastructure|Entity Framework Core 3.1.2 initialized 'BookInfoContext' using provider 'Microsoft.EntityFrameworkCore.SqlServer' with options: None
2020-06-26 14:30:31.0159|INFO|Microsoft.EntityFrameworkCore.Database.Command|Executed DbCommand (6ms) [Parameters=[@p0='?' (Size = 256), @p1='?' (Size = 1024), @p2='?' (Size = 256), @p3='?' (Size = 512)], CommandType='Text', CommandTimeout='30']
SET NOCOUNT ON;
INSERT INTO [Books] ([Author], [Description], [Genre], [Title])
VALUES (@p0, @p1, @p2, @p3);
SELECT [Id]
FROM [Books]
WHERE @@ROWCOUNT = 1 AND [Id] = scope_identity();
2020-06-26 14:30:31.0337|INFO|Microsoft.AspNetCore.Mvc.Infrastructure.ControllerActionInvoker|Executed action method Books.API.Controllers.BooksController.CreateBook (Books.API), returned result Microsoft.AspNetCore.Mvc.CreatedAtRouteResult in 71.3396ms.
2020-06-26 14:30:31.0510|INFO|Microsoft.AspNetCore.Mvc.Infrastructure.ObjectResultExecutor|Executing ObjectResult, writing value of type 'Books.API.Models.BookDto'.
2020-06-26 14:30:31.0676|INFO|Microsoft.AspNetCore.Mvc.Infrastructure.ControllerActionInvoker|Executed action Books.API.Controllers.BooksController.CreateBook (Books.API) in 132.8223ms
2020-06-26 14:30:31.0751|INFO|Microsoft.AspNetCore.Routing.EndpointMiddleware|Executed endpoint 'Books.API.Controllers.BooksController.CreateBook (Books.API)'
2020-06-26 14:30:31.0848|INFO|Microsoft.AspNetCore.Hosting.Diagnostics|Request finished in 193.8062ms 201 application/json; charset=utf-8
2020-06-26 14:30:45.8259|INFO|Microsoft.AspNetCore.Hosting.Diagnostics|Request starting HTTP/1.1 POST http://localhost:51004/api/books application/json 120
2020-06-26 14:30:45.8381|INFO|Microsoft.AspNetCore.Routing.EndpointMiddleware|Executing endpoint 'Books.API.Controllers.BooksController.CreateBook (Books.API)'
2020-06-26 14:30:45.8381|INFO|Microsoft.AspNetCore.Mvc.Infrastructure.ControllerActionInvoker|Route matched with {action = "CreateBook", controller = "Books"}. Executing controller action with signature Microsoft.AspNetCore.Mvc.ActionResult`1[Books.API.Models.BookDto] CreateBook(Books.API.Models.BookForCreationDto) on controller Books.API.Controllers.BooksController (Books.API).
2020-06-26 14:30:45.8946|INFO|Microsoft.AspNetCore.Mvc.Infrastructure.ObjectResultExecutor|Executing ObjectResult, writing value of type 'Microsoft.AspNetCore.Mvc.ValidationProblemDetails'.
2020-06-26 14:30:45.9057|INFO|Microsoft.AspNetCore.Mvc.Infrastructure.ControllerActionInvoker|Executed action Books.API.Controllers.BooksController.CreateBook (Books.API) in 45.1743ms
2020-06-26 14:30:45.9136|INFO|Microsoft.AspNetCore.Routing.EndpointMiddleware|Executed endpoint 'Books.API.Controllers.BooksController.CreateBook (Books.API)'
2020-06-26 14:30:45.9136|INFO|Microsoft.AspNetCore.Hosting.Diagnostics|Request finished in 96.7778ms 400 application/problem+json; charset=utf-8
2020-06-26 14:30:55.2633|INFO|Microsoft.AspNetCore.Hosting.Diagnostics|Request starting HTTP/1.1 POST http://localhost:51004/api/books application/json 121
2020-06-26 14:30:55.2756|INFO|Microsoft.AspNetCore.Routing.EndpointMiddleware|Executing endpoint 'Books.API.Controllers.BooksController.CreateBook (Books.API)'
2020-06-26 14:30:55.2756|INFO|Microsoft.AspNetCore.Mvc.Infrastructure.ControllerActionInvoker|Route matched with {action = "CreateBook", controller = "Books"}. Executing controller action with signature Microsoft.AspNetCore.Mvc.ActionResult`1[Books.API.Models.BookDto] CreateBook(Books.API.Models.BookForCreationDto) on controller Books.API.Controllers.BooksController (Books.API).
2020-06-26 14:30:55.3126|INFO|Microsoft.AspNetCore.Mvc.Infrastructure.ControllerActionInvoker|Executing action method Books.API.Controllers.BooksController.CreateBook (Books.API) - Validation state: Valid
2020-06-26 14:30:55.3217|INFO|Microsoft.EntityFrameworkCore.Infrastructure|Entity Framework Core 3.1.2 initialized 'BookInfoContext' using provider 'Microsoft.EntityFrameworkCore.SqlServer' with options: None
2020-06-26 14:30:55.3437|INFO|Microsoft.EntityFrameworkCore.Database.Command|Executed DbCommand (2ms) [Parameters=[@p0='?' (Size = 256), @p1='?' (Size = 1024), @p2='?' (Size = 256), @p3='?' (Size = 512)], CommandType='Text', CommandTimeout='30']
SET NOCOUNT ON;
INSERT INTO [Books] ([Author], [Description], [Genre], [Title])
VALUES (@p0, @p1, @p2, @p3);
SELECT [Id]
FROM [Books]
WHERE @@ROWCOUNT = 1 AND [Id] = scope_identity();
2020-06-26 14:30:55.3625|INFO|Microsoft.AspNetCore.Mvc.Infrastructure.ControllerActionInvoker|Executed action method Books.API.Controllers.BooksController.CreateBook (Books.API), returned result Microsoft.AspNetCore.Mvc.CreatedAtRouteResult in 41.3685ms.
2020-06-26 14:30:55.3797|INFO|Microsoft.AspNetCore.Mvc.Infrastructure.ObjectResultExecutor|Executing ObjectResult, writing value of type 'Books.API.Models.BookDto'.
2020-06-26 14:30:55.3938|INFO|Microsoft.AspNetCore.Mvc.Infrastructure.ControllerActionInvoker|Executed action Books.API.Controllers.BooksController.CreateBook (Books.API) in 96.8085ms
2020-06-26 14:30:55.4017|INFO|Microsoft.AspNetCore.Routing.EndpointMiddleware|Executed endpoint 'Books.API.Controllers.BooksController.CreateBook (Books.API)'
2020-06-26 14:30:55.4017|INFO|Microsoft.AspNetCore.Hosting.Diagnostics|Request finished in 148.39ms 201 application/json; charset=utf-8
2020-06-26 14:31:08.9117|INFO|Microsoft.AspNetCore.Hosting.Diagnostics|Request starting HTTP/1.1 POST http://localhost:51004/api/books application/json 120
2020-06-26 14:31:08.9233|INFO|Microsoft.AspNetCore.Routing.EndpointMiddleware|Executing endpoint 'Books.API.Controllers.BooksController.CreateBook (Books.API)'
2020-06-26 14:31:08.9311|INFO|Microsoft.AspNetCore.Mvc.Infrastructure.ControllerActionInvoker|Route matched with {action = "CreateBook", controller = "Books"}. Executing controller action with signature Microsoft.AspNetCore.Mvc.ActionResult`1[Books.API.Models.BookDto] CreateBook(Books.API.Models.BookForCreationDto) on controller Books.API.Controllers.BooksController (Books.API).
2020-06-26 14:31:08.9709|INFO|Microsoft.AspNetCore.Mvc.Infrastructure.ObjectResultExecutor|Executing ObjectResult, writing value of type 'Microsoft.AspNetCore.Mvc.ValidationProblemDetails'.
2020-06-26 14:31:08.9818|INFO|Microsoft.AspNetCore.Mvc.Infrastructure.ControllerActionInvoker|Executed action Books.API.Controllers.BooksController.CreateBook (Books.API) in 37.4093ms
2020-06-26 14:31:08.9818|INFO|Microsoft.AspNetCore.Routing.EndpointMiddleware|Executed endpoint 'Books.API.Controllers.BooksController.CreateBook (Books.API)'
2020-06-26 14:31:08.9990|INFO|Microsoft.AspNetCore.Hosting.Diagnostics|Request finished in 87.0736ms 400 application/problem+json; charset=utf-8
2020-06-26 14:34:35.1497|INFO|Microsoft.AspNetCore.Hosting.Diagnostics|Request starting HTTP/1.1 POST http://localhost:51004/api/books application/json 120
2020-06-26 14:34:35.1497|INFO|Microsoft.AspNetCore.Routing.EndpointMiddleware|Executing endpoint 'Books.API.Controllers.BooksController.CreateBook (Books.API)'
2020-06-26 14:34:35.1705|INFO|Microsoft.AspNetCore.Mvc.Infrastructure.ControllerActionInvoker|Route matched with {action = "CreateBook", controller = "Books"}. Executing controller action with signature Microsoft.AspNetCore.Mvc.ActionResult`1[Books.API.Models.BookDto] CreateBook(Books.API.Models.BookForCreationDto) on controller Books.API.Controllers.BooksController (Books.API).
2020-06-26 14:34:35.2162|INFO|Microsoft.AspNetCore.Mvc.Infrastructure.ObjectResultExecutor|Executing ObjectResult, writing value of type 'Microsoft.AspNetCore.Mvc.ValidationProblemDetails'.
2020-06-26 14:34:35.2301|INFO|Microsoft.AspNetCore.Mvc.Infrastructure.ControllerActionInvoker|Executed action Books.API.Controllers.BooksController.CreateBook (Books.API) in 46.4555ms
2020-06-26 14:34:35.2301|INFO|Microsoft.AspNetCore.Routing.EndpointMiddleware|Executed endpoint 'Books.API.Controllers.BooksController.CreateBook (Books.API)'
2020-06-26 14:34:35.2471|INFO|Microsoft.AspNetCore.Hosting.Diagnostics|Request finished in 97.6991ms 400 application/problem+json; charset=utf-8
2020-06-26 14:37:46.1504|INFO|Microsoft.AspNetCore.Hosting.Diagnostics|Request starting HTTP/1.1 POST http://localhost:51004/api/books application/json 130
2020-06-26 14:37:46.1504|INFO|Microsoft.AspNetCore.Routing.EndpointMiddleware|Executing endpoint 'Books.API.Controllers.BooksController.CreateBook (Books.API)'
2020-06-26 14:37:46.1721|INFO|Microsoft.AspNetCore.Mvc.Infrastructure.ControllerActionInvoker|Route matched with {action = "CreateBook", controller = "Books"}. Executing controller action with signature Microsoft.AspNetCore.Mvc.ActionResult`1[Books.API.Models.BookDto] CreateBook(Books.API.Models.BookForCreationDto) on controller Books.API.Controllers.BooksController (Books.API).
2020-06-26 14:37:46.2212|INFO|Microsoft.AspNetCore.Mvc.Infrastructure.ObjectResultExecutor|Executing ObjectResult, writing value of type 'Microsoft.AspNetCore.Mvc.ValidationProblemDetails'.
2020-06-26 14:37:46.2339|INFO|Microsoft.AspNetCore.Mvc.Infrastructure.ControllerActionInvoker|Executed action Books.API.Controllers.BooksController.CreateBook (Books.API) in 43.9811ms
2020-06-26 14:37:46.2423|INFO|Microsoft.AspNetCore.Routing.EndpointMiddleware|Executed endpoint 'Books.API.Controllers.BooksController.CreateBook (Books.API)'
2020-06-26 14:37:46.2423|INFO|Microsoft.AspNetCore.Hosting.Diagnostics|Request finished in 100.5885ms 400 application/problem+json; charset=utf-8
2020-06-26 14:54:05.0374|INFO|Microsoft.AspNetCore.Hosting.Diagnostics|Request starting HTTP/1.1 POST http://localhost:51004/api/books application/json 131
2020-06-26 14:54:05.0517|INFO|Microsoft.AspNetCore.Routing.EndpointMiddleware|Executing endpoint 'Books.API.Controllers.BooksController.CreateBook (Books.API)'
2020-06-26 14:54:05.0600|INFO|Microsoft.AspNetCore.Mvc.Infrastructure.ControllerActionInvoker|Route matched with {action = "CreateBook", controller = "Books"}. Executing controller action with signature Microsoft.AspNetCore.Mvc.ActionResult`1[Books.API.Models.BookDto] CreateBook(Books.API.Models.BookForCreationDto) on controller Books.API.Controllers.BooksController (Books.API).
2020-06-26 14:54:05.0889|INFO|Microsoft.AspNetCore.Mvc.Infrastructure.ControllerActionInvoker|Executing action method Books.API.Controllers.BooksController.CreateBook (Books.API) - Validation state: Valid
2020-06-26 14:54:05.0889|INFO|Microsoft.EntityFrameworkCore.Infrastructure|Entity Framework Core 3.1.2 initialized 'BookInfoContext' using provider 'Microsoft.EntityFrameworkCore.SqlServer' with options: None
2020-06-26 14:54:05.6666|INFO|Microsoft.EntityFrameworkCore.Database.Command|Executed DbCommand (6ms) [Parameters=[@p0='?' (Size = 256), @p1='?' (Size = 1024), @p2='?' (Size = 256), @p3='?' (Size = 512)], CommandType='Text', CommandTimeout='30']
SET NOCOUNT ON;
INSERT INTO [Books] ([Author], [Description], [Genre], [Title])
VALUES (@p0, @p1, @p2, @p3);
SELECT [Id]
FROM [Books]
WHERE @@ROWCOUNT = 1 AND [Id] = scope_identity();
2020-06-26 14:54:05.8121|INFO|Microsoft.AspNetCore.Mvc.Infrastructure.ControllerActionInvoker|Executed action method Books.API.Controllers.BooksController.CreateBook (Books.API), returned result Microsoft.AspNetCore.Mvc.CreatedAtRouteResult in 713.9215ms.
2020-06-26 14:54:05.9932|INFO|Microsoft.AspNetCore.Mvc.Infrastructure.ObjectResultExecutor|Executing ObjectResult, writing value of type 'Books.API.Models.BookDto'.
2020-06-26 14:54:06.1706|INFO|Microsoft.AspNetCore.Mvc.Infrastructure.ControllerActionInvoker|Executed action Books.API.Controllers.BooksController.CreateBook (Books.API) in 1097.2306ms
2020-06-26 14:54:06.3448|INFO|Microsoft.AspNetCore.Routing.EndpointMiddleware|Executed endpoint 'Books.API.Controllers.BooksController.CreateBook (Books.API)'
2020-06-26 14:54:06.3549|INFO|Microsoft.AspNetCore.Hosting.Diagnostics|Request finished in 1317.4603ms 201 application/json; charset=utf-8
