2020-03-12 15:04:08.3265|INFO|Books.API.Program|Initializing application...
2020-03-12 15:04:22.3267|INFO|Microsoft.Hosting.Lifetime|Application started. Press Ctrl+C to shut down.
2020-03-12 15:04:22.3267|INFO|Microsoft.Hosting.Lifetime|Hosting environment: Development
2020-03-12 15:04:22.3267|INFO|Microsoft.Hosting.Lifetime|Content root path: C:\Users\Dev\source\repos\PS\Books\Books.API
2020-03-12 15:04:22.3481|WARN|Microsoft.AspNetCore.HttpsPolicy.HttpsRedirectionMiddleware|Failed to determine the https port for redirect.
2020-03-12 15:26:48.9217|INFO|Books.API.Program|Initializing application...
2020-03-12 15:27:01.3281|INFO|Microsoft.Hosting.Lifetime|Application started. Press Ctrl+C to shut down.
2020-03-12 15:27:01.3281|INFO|Microsoft.Hosting.Lifetime|Hosting environment: Development
2020-03-12 15:27:01.3281|INFO|Microsoft.Hosting.Lifetime|Content root path: C:\Users\Dev\source\repos\PS\Books\Books.API
2020-03-12 15:27:01.3455|WARN|Microsoft.AspNetCore.HttpsPolicy.HttpsRedirectionMiddleware|Failed to determine the https port for redirect.
2020-03-12 16:24:23.8632|INFO|Books.API.Program|Initializing application...
2020-03-12 16:24:36.7587|INFO|Microsoft.Hosting.Lifetime|Application started. Press Ctrl+C to shut down.
2020-03-12 16:24:36.7624|INFO|Microsoft.Hosting.Lifetime|Hosting environment: Development
2020-03-12 16:24:36.7624|INFO|Microsoft.Hosting.Lifetime|Content root path: C:\Users\Dev\source\repos\PS\Books\Books.API
2020-03-12 16:24:36.7624|WARN|Microsoft.AspNetCore.HttpsPolicy.HttpsRedirectionMiddleware|Failed to determine the https port for redirect.
2020-03-12 16:35:36.4701|INFO|Books.API.Program|Initializing application...
2020-03-12 16:35:48.9119|INFO|Microsoft.Hosting.Lifetime|Application started. Press Ctrl+C to shut down.
2020-03-12 16:35:48.9119|INFO|Microsoft.Hosting.Lifetime|Hosting environment: Development
2020-03-12 16:35:48.9185|INFO|Microsoft.Hosting.Lifetime|Content root path: C:\Users\Dev\source\repos\PS\Books\Books.API
2020-03-12 16:35:48.9185|WARN|Microsoft.AspNetCore.HttpsPolicy.HttpsRedirectionMiddleware|Failed to determine the https port for redirect.
2020-03-12 16:54:40.8563|INFO|Books.API.Program|Initializing application...
2020-03-12 16:54:53.2404|INFO|Microsoft.Hosting.Lifetime|Application started. Press Ctrl+C to shut down.
2020-03-12 16:54:53.2404|INFO|Microsoft.Hosting.Lifetime|Hosting environment: Development
2020-03-12 16:54:53.2472|INFO|Microsoft.Hosting.Lifetime|Content root path: C:\Users\Dev\source\repos\PS\Books\Books.API
2020-03-12 16:54:53.2472|WARN|Microsoft.AspNetCore.HttpsPolicy.HttpsRedirectionMiddleware|Failed to determine the https port for redirect.
2020-03-12 17:07:01.0547|INFO|Books.API.Program|Initializing application...
2020-03-12 17:07:12.9743|INFO|Microsoft.Hosting.Lifetime|Application started. Press Ctrl+C to shut down.
2020-03-12 17:07:12.9743|INFO|Microsoft.Hosting.Lifetime|Hosting environment: Development
2020-03-12 17:07:12.9813|INFO|Microsoft.Hosting.Lifetime|Content root path: C:\Users\Dev\source\repos\PS\Books\Books.API
2020-03-12 17:07:12.9813|WARN|Microsoft.AspNetCore.HttpsPolicy.HttpsRedirectionMiddleware|Failed to determine the https port for redirect.
