2020-04-02 11:15:35.5652|INFO|Books.API.Program|Initializing application...
2020-04-02 11:15:49.1106|INFO|Microsoft.Hosting.Lifetime|Now listening on: http://localhost:51004
2020-04-02 11:15:49.1106|INFO|Microsoft.Hosting.Lifetime|Application started. Press Ctrl+C to shut down.
2020-04-02 11:15:49.1220|INFO|Microsoft.Hosting.Lifetime|Hosting environment: Development
2020-04-02 11:15:49.1220|INFO|Microsoft.Hosting.Lifetime|Content root path: C:\Users\Dev\source\repos\PS\Books\Books.API
2020-04-02 11:16:21.2470|INFO|Books.API.Program|Initializing application...
2020-04-02 11:16:33.0054|INFO|Microsoft.Hosting.Lifetime|Now listening on: http://localhost:51505
2020-04-02 11:16:33.0138|INFO|Microsoft.Hosting.Lifetime|Application started. Press Ctrl+C to shut down.
2020-04-02 11:16:33.0138|INFO|Microsoft.Hosting.Lifetime|Hosting environment: Development
2020-04-02 11:16:33.0138|INFO|Microsoft.Hosting.Lifetime|Content root path: C:\Users\Dev\source\repos\PS\Books\Books.API
2020-04-02 11:17:05.6440|INFO|Books.API.Program|Initializing application...
2020-04-02 11:17:17.3528|INFO|Microsoft.Hosting.Lifetime|Now listening on: http://localhost:51505
2020-04-02 11:17:17.3599|INFO|Microsoft.Hosting.Lifetime|Application started. Press Ctrl+C to shut down.
2020-04-02 11:17:17.3599|INFO|Microsoft.Hosting.Lifetime|Hosting environment: Development
2020-04-02 11:17:17.3599|INFO|Microsoft.Hosting.Lifetime|Content root path: C:\Users\Dev\source\repos\PS\Books\Books.API
2020-04-02 11:17:32.8693|WARN|Microsoft.AspNetCore.HttpsPolicy.HttpsRedirectionMiddleware|Failed to determine the https port for redirect.
2020-04-02 11:24:16.4235|INFO|Books.API.Program|Initializing application...
2020-04-02 11:24:28.1707|INFO|Microsoft.Hosting.Lifetime|Now listening on: http://localhost:51505
2020-04-02 11:24:28.1707|INFO|Microsoft.Hosting.Lifetime|Application started. Press Ctrl+C to shut down.
2020-04-02 11:24:28.1824|INFO|Microsoft.Hosting.Lifetime|Hosting environment: Development
2020-04-02 11:24:28.1824|INFO|Microsoft.Hosting.Lifetime|Content root path: C:\Users\Dev\source\repos\PS\Books\Books.API
2020-04-02 11:24:28.4352|WARN|Microsoft.AspNetCore.HttpsPolicy.HttpsRedirectionMiddleware|Failed to determine the https port for redirect.
2020-04-02 11:25:42.2087|INFO|Books.API.Program|Initializing application...
2020-04-02 11:25:53.9276|INFO|Microsoft.Hosting.Lifetime|Now listening on: http://localhost:51505
2020-04-02 11:25:53.9352|INFO|Microsoft.Hosting.Lifetime|Application started. Press Ctrl+C to shut down.
2020-04-02 11:25:53.9352|INFO|Microsoft.Hosting.Lifetime|Hosting environment: Development
2020-04-02 11:25:53.9352|INFO|Microsoft.Hosting.Lifetime|Content root path: C:\Users\Dev\source\repos\PS\Books\Books.API
2020-04-02 11:25:55.1605|WARN|Microsoft.AspNetCore.HttpsPolicy.HttpsRedirectionMiddleware|Failed to determine the https port for redirect.
2020-04-02 11:27:07.2375|INFO|Books.API.Program|Initializing application...
2020-04-02 11:27:19.0481|INFO|Microsoft.Hosting.Lifetime|Now listening on: http://localhost:51004
2020-04-02 11:27:19.0481|INFO|Microsoft.Hosting.Lifetime|Application started. Press Ctrl+C to shut down.
2020-04-02 11:27:19.0604|INFO|Microsoft.Hosting.Lifetime|Hosting environment: Development
2020-04-02 11:27:19.0604|INFO|Microsoft.Hosting.Lifetime|Content root path: C:\Users\Dev\source\repos\PS\Books\Books.API
2020-04-02 11:27:31.8481|WARN|Microsoft.AspNetCore.HttpsPolicy.HttpsRedirectionMiddleware|Failed to determine the https port for redirect.
2020-04-02 16:07:09.2026|INFO|Books.API.Program|Initializing application...
2020-04-02 16:11:23.7076|INFO|Books.API.Program|Initializing application...
2020-04-02 16:13:45.6715|INFO|Books.API.Program|Initializing application...
2020-04-02 16:14:15.4582|INFO|Books.API.Program|Initializing application...
2020-04-02 16:14:27.4417|INFO|Microsoft.Hosting.Lifetime|Now listening on: http://localhost:51004
2020-04-02 16:14:27.4501|INFO|Microsoft.Hosting.Lifetime|Application started. Press Ctrl+C to shut down.
2020-04-02 16:14:27.4501|INFO|Microsoft.Hosting.Lifetime|Hosting environment: Development
2020-04-02 16:14:27.4501|INFO|Microsoft.Hosting.Lifetime|Content root path: C:\Users\Dev\source\repos\PS\Books\Books.API
2020-04-02 16:14:29.5332|WARN|Microsoft.AspNetCore.HttpsPolicy.HttpsRedirectionMiddleware|Failed to determine the https port for redirect.
2020-04-02 17:43:38.8098|INFO|Books.API.Program|Initializing application...
2020-04-02 17:43:51.2824|INFO|Microsoft.Hosting.Lifetime|Now listening on: http://localhost:51004
2020-04-02 17:43:51.2824|INFO|Microsoft.Hosting.Lifetime|Application started. Press Ctrl+C to shut down.
2020-04-02 17:43:51.2955|INFO|Microsoft.Hosting.Lifetime|Hosting environment: Development
2020-04-02 17:43:51.2955|INFO|Microsoft.Hosting.Lifetime|Content root path: C:\Users\Dev\source\repos\PS\Books\Books.API
2020-04-02 17:44:01.3405|WARN|Microsoft.AspNetCore.HttpsPolicy.HttpsRedirectionMiddleware|Failed to determine the https port for redirect.
2020-04-02 17:50:53.0097|WARN|Microsoft.AspNetCore.Mvc.Infrastructure.ObjectResultExecutor|No output formatter was found for content types 'application/javascript' to write the response.
2020-04-02 17:51:52.1457|WARN|Microsoft.AspNetCore.Mvc.Infrastructure.ObjectResultExecutor|No output formatter was found for content types 'application/ecmascript' to write the response.
